2023.06.25 15:46:56 INFO  Started: Metals version 0.11.12 in workspace 'C:\Users\hp\Documents\UOC\2nd Year- 1st Semester\SCS-2204_Functional Programming\Tutorial_3' for client Visual Studio Code 1.79.2.
Jun 25, 2023 3:46:56 PM org.flywaydb.core.internal.license.VersionPrinter printVersionOnly
INFO: Flyway Community Edition 9.16.3 by Redgate
Jun 25, 2023 3:46:56 PM org.flywaydb.core.internal.license.VersionPrinter printVersion
INFO: See release notes here: https://rd.gt/416ObMi
Jun 25, 2023 3:46:56 PM org.flywaydb.core.internal.license.VersionPrinter printVersion
INFO: 
Jun 25, 2023 3:46:57 PM org.flywaydb.core.internal.database.base.BaseDatabaseType createDatabase
INFO: Database: jdbc:h2:file:C:\Users\hp\Documents\UOC\2nd Year- 1st Semester\SCS-2204_Functional Programming\Tutorial_3\.metals\metals (H2 2.1)
Jun 25, 2023 3:46:57 PM org.flywaydb.core.internal.schemahistory.JdbcTableSchemaHistory allAppliedMigrations
INFO: Schema history table "PUBLIC"."flyway_schema_history" does not exist yet
Jun 25, 2023 3:46:57 PM org.flywaydb.core.internal.command.DbValidate validate
INFO: Successfully validated 4 migrations (execution time 00:00.025s)
Jun 25, 2023 3:46:57 PM org.flywaydb.core.internal.schemahistory.JdbcTableSchemaHistory create
INFO: Creating Schema History table "PUBLIC"."flyway_schema_history" ...
Jun 25, 2023 3:46:57 PM org.flywaydb.core.internal.command.DbMigrate migrateGroup
INFO: Current version of schema "PUBLIC": << Empty Schema >>
Jun 25, 2023 3:46:57 PM org.flywaydb.core.internal.command.DbMigrate doMigrateGroup
INFO: Migrating schema "PUBLIC" to version "1 - Create tables"
Jun 25, 2023 3:46:57 PM org.flywaydb.core.internal.command.DbMigrate doMigrateGroup
INFO: Migrating schema "PUBLIC" to version "2 - Server discovery"
Jun 25, 2023 3:46:57 PM org.flywaydb.core.internal.command.DbMigrate doMigrateGroup
INFO: Migrating schema "PUBLIC" to version "3 - Jar symbols"
Jun 25, 2023 3:46:57 PM org.flywaydb.core.internal.command.DbMigrate doMigrateGroup
INFO: Migrating schema "PUBLIC" to version "4 - Fingerprints"
Jun 25, 2023 3:46:57 PM org.flywaydb.core.internal.command.DbMigrate logSummary
INFO: Successfully applied 4 migrations to schema "PUBLIC", now at version v4 (execution time 00:00.079s)
2023.06.25 15:46:57 INFO  time: initialize in 0.8s
2023.06.25 15:47:00 WARN  Build server is not auto-connectable.
2023.06.25 15:47:00 WARN  no build tool detected in workspace 'C:\Users\hp\Documents\UOC\2nd Year- 1st Semester\SCS-2204_Functional Programming\Tutorial_3'. The most common cause for this problem is that the editor was opened in the wrong working directory, for example if you use sbt then the workspace directory should contain build.sbt. 
2023.06.25 15:47:00 WARN  no build target for: C:\Users\hp\Documents\UOC\2nd Year- 1st Semester\SCS-2204_Functional Programming\Tutorial_3\Q1.scala
2023.06.25 15:47:16 INFO  no build target found for C:\Users\hp\Documents\UOC\2nd Year- 1st Semester\SCS-2204_Functional Programming\Tutorial_3\Q1.scala. Using presentation compiler with project's scala-library version: 3.2.2
2023.06.25 15:47:20 INFO  time: code lens generation in 20s
2023.06.25 15:50:18 WARN  no build target for: C:\Users\hp\Documents\UOC\2nd Year- 1st Semester\SCS-2204_Functional Programming\Tutorial_3\Q1.scala
2023.06.25 15:50:20 WARN  no build target for: C:\Users\hp\Documents\UOC\2nd Year- 1st Semester\SCS-2204_Functional Programming\Tutorial_3\Q1.scala
2023.06.25 15:50:22 WARN  no build target for: C:\Users\hp\Documents\UOC\2nd Year- 1st Semester\SCS-2204_Functional Programming\Tutorial_3\Q1.scala
2023.06.25 15:50:24 WARN  no build target for: C:\Users\hp\Documents\UOC\2nd Year- 1st Semester\SCS-2204_Functional Programming\Tutorial_3\Q1.scala
2023.06.25 15:50:25 WARN  no build target for: C:\Users\hp\Documents\UOC\2nd Year- 1st Semester\SCS-2204_Functional Programming\Tutorial_3\Q1.scala
2023.06.25 15:50:27 WARN  no build target for: C:\Users\hp\Documents\UOC\2nd Year- 1st Semester\SCS-2204_Functional Programming\Tutorial_3\Q1.scala
2023.06.25 15:50:28 WARN  no build target for: C:\Users\hp\Documents\UOC\2nd Year- 1st Semester\SCS-2204_Functional Programming\Tutorial_3\Q1.scala
2023.06.25 15:50:31 WARN  no build target for: C:\Users\hp\Documents\UOC\2nd Year- 1st Semester\SCS-2204_Functional Programming\Tutorial_3\Q1.scala
2023.06.25 15:50:35 WARN  no build target for: C:\Users\hp\Documents\UOC\2nd Year- 1st Semester\SCS-2204_Functional Programming\Tutorial_3\Q1.scala
2023.06.25 15:50:40 WARN  no build target for: C:\Users\hp\Documents\UOC\2nd Year- 1st Semester\SCS-2204_Functional Programming\Tutorial_3\Q1.scala
2023.06.25 15:50:43 WARN  no build target for: C:\Users\hp\Documents\UOC\2nd Year- 1st Semester\SCS-2204_Functional Programming\Tutorial_3\Q1.scala
2023.06.25 15:51:10 WARN  no build target for: C:\Users\hp\Documents\UOC\2nd Year- 1st Semester\SCS-2204_Functional Programming\Tutorial_3\Q1.scala
2023.06.25 15:51:12 WARN  no build target for: C:\Users\hp\Documents\UOC\2nd Year- 1st Semester\SCS-2204_Functional Programming\Tutorial_3\Q1.scala
2023.06.25 15:51:22 WARN  no build target for: C:\Users\hp\Documents\UOC\2nd Year- 1st Semester\SCS-2204_Functional Programming\Tutorial_3\Q1.scala
2023.06.25 15:51:26 WARN  no build target for: C:\Users\hp\Documents\UOC\2nd Year- 1st Semester\SCS-2204_Functional Programming\Tutorial_3\Q1.scala
Jun 25, 2023 3:51:28 PM org.eclipse.lsp4j.jsonrpc.RemoteEndpoint handleCancellation
WARNING: Unmatched cancel notification for request id 187
2023.06.25 15:51:30 WARN  no build target for: C:\Users\hp\Documents\UOC\2nd Year- 1st Semester\SCS-2204_Functional Programming\Tutorial_3\Q1.scala
2023.06.25 15:51:32 WARN  no build target for: C:\Users\hp\Documents\UOC\2nd Year- 1st Semester\SCS-2204_Functional Programming\Tutorial_3\Q1.scala
2023.06.25 15:51:36 WARN  no build target for: C:\Users\hp\Documents\UOC\2nd Year- 1st Semester\SCS-2204_Functional Programming\Tutorial_3\Q1.scala
2023.06.25 15:51:39 WARN  no build target for: C:\Users\hp\Documents\UOC\2nd Year- 1st Semester\SCS-2204_Functional Programming\Tutorial_3\Q1.scala
2023.06.25 15:51:43 WARN  no build target for: C:\Users\hp\Documents\UOC\2nd Year- 1st Semester\SCS-2204_Functional Programming\Tutorial_3\Q1.scala
2023.06.25 15:51:49 WARN  no build target for: C:\Users\hp\Documents\UOC\2nd Year- 1st Semester\SCS-2204_Functional Programming\Tutorial_3\Q1.scala
2023.06.25 15:51:50 WARN  no build target for: C:\Users\hp\Documents\UOC\2nd Year- 1st Semester\SCS-2204_Functional Programming\Tutorial_3\Q1.scala
2023.06.25 15:51:52 WARN  no build target for: C:\Users\hp\Documents\UOC\2nd Year- 1st Semester\SCS-2204_Functional Programming\Tutorial_3\Q1.scala
2023.06.25 15:51:55 WARN  no build target for: C:\Users\hp\Documents\UOC\2nd Year- 1st Semester\SCS-2204_Functional Programming\Tutorial_3\Q1.scala
2023.06.25 15:51:57 WARN  no build target for: C:\Users\hp\Documents\UOC\2nd Year- 1st Semester\SCS-2204_Functional Programming\Tutorial_3\Q1.scala
2023.06.25 15:51:59 WARN  no build target for: C:\Users\hp\Documents\UOC\2nd Year- 1st Semester\SCS-2204_Functional Programming\Tutorial_3\Q1.scala
2023.06.25 15:52:02 WARN  no build target for: C:\Users\hp\Documents\UOC\2nd Year- 1st Semester\SCS-2204_Functional Programming\Tutorial_3\Q1.scala
2023.06.25 15:52:05 WARN  no build target for: C:\Users\hp\Documents\UOC\2nd Year- 1st Semester\SCS-2204_Functional Programming\Tutorial_3\Q1.scala
2023.06.25 15:52:07 WARN  no build target for: C:\Users\hp\Documents\UOC\2nd Year- 1st Semester\SCS-2204_Functional Programming\Tutorial_3\Q1.scala
2023.06.25 15:52:09 WARN  no build target for: C:\Users\hp\Documents\UOC\2nd Year- 1st Semester\SCS-2204_Functional Programming\Tutorial_3\Q1.scala
2023.06.25 15:52:13 WARN  no build target for: C:\Users\hp\Documents\UOC\2nd Year- 1st Semester\SCS-2204_Functional Programming\Tutorial_3\Q1.scala
Jun 25, 2023 3:52:14 PM org.eclipse.lsp4j.jsonrpc.RemoteEndpoint handleCancellation
WARNING: Unmatched cancel notification for request id 380
2023.06.25 15:52:15 WARN  no build target for: C:\Users\hp\Documents\UOC\2nd Year- 1st Semester\SCS-2204_Functional Programming\Tutorial_3\Q1.scala
2023.06.25 15:52:21 WARN  no build target for: C:\Users\hp\Documents\UOC\2nd Year- 1st Semester\SCS-2204_Functional Programming\Tutorial_3\Q1.scala
Jun 25, 2023 3:52:21 PM org.eclipse.lsp4j.jsonrpc.RemoteEndpoint handleCancellation
WARNING: Unmatched cancel notification for request id 399
2023.06.25 15:52:22 WARN  no build target for: C:\Users\hp\Documents\UOC\2nd Year- 1st Semester\SCS-2204_Functional Programming\Tutorial_3\Q1.scala
2023.06.25 15:52:25 WARN  no build target for: C:\Users\hp\Documents\UOC\2nd Year- 1st Semester\SCS-2204_Functional Programming\Tutorial_3\Q1.scala
2023.06.25 15:52:26 WARN  no build target for: C:\Users\hp\Documents\UOC\2nd Year- 1st Semester\SCS-2204_Functional Programming\Tutorial_3\Q1.scala
2023.06.25 15:52:30 WARN  no build target for: C:\Users\hp\Documents\UOC\2nd Year- 1st Semester\SCS-2204_Functional Programming\Tutorial_3\Q1.scala
2023.06.25 15:52:31 WARN  no build target for: C:\Users\hp\Documents\UOC\2nd Year- 1st Semester\SCS-2204_Functional Programming\Tutorial_3\Q1.scala
2023.06.25 15:52:57 WARN  no build target for: C:\Users\hp\Documents\UOC\2nd Year- 1st Semester\SCS-2204_Functional Programming\Tutorial_3\Q1.scala
2023.06.25 15:53:14 WARN  no build target for: C:\Users\hp\Documents\UOC\2nd Year- 1st Semester\SCS-2204_Functional Programming\Tutorial_3\Q1.scala
2023.06.25 15:53:15 WARN  no build target for: C:\Users\hp\Documents\UOC\2nd Year- 1st Semester\SCS-2204_Functional Programming\Tutorial_3\Q1.scala
2023.06.25 15:53:20 WARN  no build target for: C:\Users\hp\Documents\UOC\2nd Year- 1st Semester\SCS-2204_Functional Programming\Tutorial_3\Q1.scala
2023.06.25 15:53:21 WARN  no build target for: C:\Users\hp\Documents\UOC\2nd Year- 1st Semester\SCS-2204_Functional Programming\Tutorial_3\Q1.scala
2023.06.25 15:53:25 WARN  no build target for: C:\Users\hp\Documents\UOC\2nd Year- 1st Semester\SCS-2204_Functional Programming\Tutorial_3\Q1.scala
2023.06.25 15:58:07 WARN  no build target for: C:\Users\hp\Documents\UOC\2nd Year- 1st Semester\SCS-2204_Functional Programming\Tutorial_3\Q1.scala
2023.06.25 15:58:08 WARN  no build target for: C:\Users\hp\Documents\UOC\2nd Year- 1st Semester\SCS-2204_Functional Programming\Tutorial_3\Q1.scala
2023.06.25 15:58:11 WARN  no build target for: C:\Users\hp\Documents\UOC\2nd Year- 1st Semester\SCS-2204_Functional Programming\Tutorial_3\Q1.scala
2023.06.25 15:58:15 WARN  no build target for: C:\Users\hp\Documents\UOC\2nd Year- 1st Semester\SCS-2204_Functional Programming\Tutorial_3\Q1.scala
2023.06.25 15:58:17 WARN  no build target for: C:\Users\hp\Documents\UOC\2nd Year- 1st Semester\SCS-2204_Functional Programming\Tutorial_3\Q1.scala
2023.06.25 15:58:20 WARN  no build target for: C:\Users\hp\Documents\UOC\2nd Year- 1st Semester\SCS-2204_Functional Programming\Tutorial_3\Q1.scala
2023.06.25 15:58:22 WARN  no build target for: C:\Users\hp\Documents\UOC\2nd Year- 1st Semester\SCS-2204_Functional Programming\Tutorial_3\Q1.scala
2023.06.25 15:58:25 WARN  no build target for: C:\Users\hp\Documents\UOC\2nd Year- 1st Semester\SCS-2204_Functional Programming\Tutorial_3\Q1.scala
2023.06.25 15:58:30 WARN  no build target for: C:\Users\hp\Documents\UOC\2nd Year- 1st Semester\SCS-2204_Functional Programming\Tutorial_3\Q1.scala
2023.06.25 15:58:31 WARN  no build target for: C:\Users\hp\Documents\UOC\2nd Year- 1st Semester\SCS-2204_Functional Programming\Tutorial_3\Q1.scala
2023.06.25 15:58:32 WARN  no build target for: C:\Users\hp\Documents\UOC\2nd Year- 1st Semester\SCS-2204_Functional Programming\Tutorial_3\Q1.scala
2023.06.25 15:58:37 WARN  no build target for: C:\Users\hp\Documents\UOC\2nd Year- 1st Semester\SCS-2204_Functional Programming\Tutorial_3\Q1.scala
2023.06.25 15:58:40 WARN  no build target for: C:\Users\hp\Documents\UOC\2nd Year- 1st Semester\SCS-2204_Functional Programming\Tutorial_3\Q1.scala
2023.06.25 15:58:56 WARN  no build target for: C:\Users\hp\Documents\UOC\2nd Year- 1st Semester\SCS-2204_Functional Programming\Tutorial_3\Q1.scala
2023.06.25 15:59:00 WARN  no build target for: C:\Users\hp\Documents\UOC\2nd Year- 1st Semester\SCS-2204_Functional Programming\Tutorial_3\Q1.scala
2023.06.25 15:59:05 WARN  no build target for: C:\Users\hp\Documents\UOC\2nd Year- 1st Semester\SCS-2204_Functional Programming\Tutorial_3\Q1.scala
2023.06.25 15:59:10 WARN  no build target for: C:\Users\hp\Documents\UOC\2nd Year- 1st Semester\SCS-2204_Functional Programming\Tutorial_3\Q1.scala
2023.06.25 15:59:13 WARN  no build target for: C:\Users\hp\Documents\UOC\2nd Year- 1st Semester\SCS-2204_Functional Programming\Tutorial_3\Q1.scala
2023.06.25 15:59:15 WARN  no build target for: C:\Users\hp\Documents\UOC\2nd Year- 1st Semester\SCS-2204_Functional Programming\Tutorial_3\Q1.scala
2023.06.25 15:59:17 WARN  no build target for: C:\Users\hp\Documents\UOC\2nd Year- 1st Semester\SCS-2204_Functional Programming\Tutorial_3\Q1.scala
2023.06.25 15:59:19 WARN  no build target for: C:\Users\hp\Documents\UOC\2nd Year- 1st Semester\SCS-2204_Functional Programming\Tutorial_3\Q1.scala
2023.06.25 15:59:23 WARN  no build target for: C:\Users\hp\Documents\UOC\2nd Year- 1st Semester\SCS-2204_Functional Programming\Tutorial_3\Q1.scala
2023.06.25 15:59:25 WARN  no build target for: C:\Users\hp\Documents\UOC\2nd Year- 1st Semester\SCS-2204_Functional Programming\Tutorial_3\Q1.scala
2023.06.25 15:59:26 WARN  no build target for: C:\Users\hp\Documents\UOC\2nd Year- 1st Semester\SCS-2204_Functional Programming\Tutorial_3\Q1.scala
2023.06.25 15:59:45 WARN  no build target for: C:\Users\hp\Documents\UOC\2nd Year- 1st Semester\SCS-2204_Functional Programming\Tutorial_3\Q1.scala
2023.06.25 15:59:48 WARN  no build target for: C:\Users\hp\Documents\UOC\2nd Year- 1st Semester\SCS-2204_Functional Programming\Tutorial_3\Q1.scala
Jun 25, 2023 4:00:00 PM scala.meta.internal.pc.CompilerAccess handleError
SEVERE: Comparison method violates its general contract!
java.lang.IllegalArgumentException: Comparison method violates its general contract!
	at java.base/java.util.TimSort.mergeLo(TimSort.java:781)
	at java.base/java.util.TimSort.mergeAt(TimSort.java:518)
	at java.base/java.util.TimSort.mergeForceCollapse(TimSort.java:461)
	at java.base/java.util.TimSort.sort(TimSort.java:254)
	at java.base/java.util.Arrays.sort(Arrays.java:1441)
	at scala.collection.SeqOps.sorted(Seq.scala:727)
	at scala.collection.SeqOps.sorted$(Seq.scala:719)
	at scala.collection.immutable.List.scala$collection$immutable$StrictOptimizedSeqOps$$super$sorted(List.scala:79)
	at scala.collection.immutable.StrictOptimizedSeqOps.sorted(StrictOptimizedSeqOps.scala:78)
	at scala.collection.immutable.StrictOptimizedSeqOps.sorted$(StrictOptimizedSeqOps.scala:78)
	at scala.collection.immutable.List.sorted(List.scala:79)
	at scala.meta.internal.pc.completions.Completions.completions(Completions.scala:215)
	at scala.meta.internal.pc.completions.CompletionProvider.completions(CompletionProvider.scala:86)

2023.06.25 16:00:01 WARN  no build target for: C:\Users\hp\Documents\UOC\2nd Year- 1st Semester\SCS-2204_Functional Programming\Tutorial_3\Q1.scala
2023.06.25 16:00:03 WARN  no build target for: C:\Users\hp\Documents\UOC\2nd Year- 1st Semester\SCS-2204_Functional Programming\Tutorial_3\Q1.scala
2023.06.25 16:00:06 WARN  no build target for: C:\Users\hp\Documents\UOC\2nd Year- 1st Semester\SCS-2204_Functional Programming\Tutorial_3\Q1.scala
2023.06.25 16:00:09 WARN  no build target for: C:\Users\hp\Documents\UOC\2nd Year- 1st Semester\SCS-2204_Functional Programming\Tutorial_3\Q1.scala
2023.06.25 16:00:11 WARN  no build target for: C:\Users\hp\Documents\UOC\2nd Year- 1st Semester\SCS-2204_Functional Programming\Tutorial_3\Q1.scala
2023.06.25 16:00:16 WARN  no build target for: C:\Users\hp\Documents\UOC\2nd Year- 1st Semester\SCS-2204_Functional Programming\Tutorial_3\Q1.scala
2023.06.25 16:00:30 WARN  no build target for: C:\Users\hp\Documents\UOC\2nd Year- 1st Semester\SCS-2204_Functional Programming\Tutorial_3\Q1.scala
2023.06.25 16:00:33 WARN  no build target for: C:\Users\hp\Documents\UOC\2nd Year- 1st Semester\SCS-2204_Functional Programming\Tutorial_3\Q1.scala
2023.06.25 16:00:38 WARN  no build target for: C:\Users\hp\Documents\UOC\2nd Year- 1st Semester\SCS-2204_Functional Programming\Tutorial_3\Q1.scala
2023.06.25 16:00:40 WARN  no build target for: C:\Users\hp\Documents\UOC\2nd Year- 1st Semester\SCS-2204_Functional Programming\Tutorial_3\Q1.scala
2023.06.25 16:00:43 WARN  no build target for: C:\Users\hp\Documents\UOC\2nd Year- 1st Semester\SCS-2204_Functional Programming\Tutorial_3\Q1.scala
2023.06.25 16:00:45 WARN  no build target for: C:\Users\hp\Documents\UOC\2nd Year- 1st Semester\SCS-2204_Functional Programming\Tutorial_3\Q1.scala
2023.06.25 16:00:48 WARN  no build target for: C:\Users\hp\Documents\UOC\2nd Year- 1st Semester\SCS-2204_Functional Programming\Tutorial_3\Q1.scala
2023.06.25 16:00:52 WARN  no build target for: C:\Users\hp\Documents\UOC\2nd Year- 1st Semester\SCS-2204_Functional Programming\Tutorial_3\Q1.scala
2023.06.25 16:00:54 WARN  no build target for: C:\Users\hp\Documents\UOC\2nd Year- 1st Semester\SCS-2204_Functional Programming\Tutorial_3\Q1.scala
2023.06.25 16:01:19 WARN  no build target for: C:\Users\hp\Documents\UOC\2nd Year- 1st Semester\SCS-2204_Functional Programming\Tutorial_3\Q1.scala
2023.06.25 16:01:22 WARN  no build target for: C:\Users\hp\Documents\UOC\2nd Year- 1st Semester\SCS-2204_Functional Programming\Tutorial_3\Q1.scala
2023.06.25 16:01:24 WARN  no build target for: C:\Users\hp\Documents\UOC\2nd Year- 1st Semester\SCS-2204_Functional Programming\Tutorial_3\Q1.scala
2023.06.25 16:01:26 WARN  no build target for: C:\Users\hp\Documents\UOC\2nd Year- 1st Semester\SCS-2204_Functional Programming\Tutorial_3\Q1.scala
2023.06.25 16:01:27 WARN  no build target for: C:\Users\hp\Documents\UOC\2nd Year- 1st Semester\SCS-2204_Functional Programming\Tutorial_3\Q1.scala
2023.06.25 16:01:34 WARN  no build target for: C:\Users\hp\Documents\UOC\2nd Year- 1st Semester\SCS-2204_Functional Programming\Tutorial_3\Q1.scala
2023.06.25 16:01:36 WARN  no build target for: C:\Users\hp\Documents\UOC\2nd Year- 1st Semester\SCS-2204_Functional Programming\Tutorial_3\Q1.scala
2023.06.25 16:01:45 WARN  no build target for: C:\Users\hp\Documents\UOC\2nd Year- 1st Semester\SCS-2204_Functional Programming\Tutorial_3\Q1.scala
2023.06.25 16:01:58 WARN  no build target for: C:\Users\hp\Documents\UOC\2nd Year- 1st Semester\SCS-2204_Functional Programming\Tutorial_3\Q1.scala
2023.06.25 16:02:03 WARN  no build target for: C:\Users\hp\Documents\UOC\2nd Year- 1st Semester\SCS-2204_Functional Programming\Tutorial_3\Q1.scala
2023.06.25 16:03:23 WARN  no build target for: C:\Users\hp\Documents\UOC\2nd Year- 1st Semester\SCS-2204_Functional Programming\Tutorial_3\Q1.scala
2023.06.25 16:03:25 WARN  no build target for: C:\Users\hp\Documents\UOC\2nd Year- 1st Semester\SCS-2204_Functional Programming\Tutorial_3\Q1.scala
2023.06.25 16:03:27 WARN  no build target for: C:\Users\hp\Documents\UOC\2nd Year- 1st Semester\SCS-2204_Functional Programming\Tutorial_3\Q1.scala
2023.06.25 16:03:29 WARN  no build target for: C:\Users\hp\Documents\UOC\2nd Year- 1st Semester\SCS-2204_Functional Programming\Tutorial_3\Q1.scala
2023.06.25 16:03:31 WARN  no build target for: C:\Users\hp\Documents\UOC\2nd Year- 1st Semester\SCS-2204_Functional Programming\Tutorial_3\Q1.scala
2023.06.25 16:03:43 WARN  no build target for: C:\Users\hp\Documents\UOC\2nd Year- 1st Semester\SCS-2204_Functional Programming\Tutorial_3\Q1.scala
Jun 25, 2023 4:03:43 PM org.eclipse.lsp4j.jsonrpc.RemoteEndpoint handleCancellation
WARNING: Unmatched cancel notification for request id 1191
2023.06.25 16:04:03 WARN  no build target for: C:\Users\hp\Documents\UOC\2nd Year- 1st Semester\SCS-2204_Functional Programming\Tutorial_3\Q1.scala
2023.06.25 16:04:06 WARN  no build target for: C:\Users\hp\Documents\UOC\2nd Year- 1st Semester\SCS-2204_Functional Programming\Tutorial_3\Q1.scala
2023.06.25 16:04:12 WARN  no build target for: C:\Users\hp\Documents\UOC\2nd Year- 1st Semester\SCS-2204_Functional Programming\Tutorial_3\Q1.scala
2023.06.25 16:04:28 WARN  no build target for: C:\Users\hp\Documents\UOC\2nd Year- 1st Semester\SCS-2204_Functional Programming\Tutorial_3\Q1.scala
2023.06.25 16:04:47 WARN  no build target for: C:\Users\hp\Documents\UOC\2nd Year- 1st Semester\SCS-2204_Functional Programming\Tutorial_3\Q1.scala
2023.06.25 16:04:51 WARN  no build target for: C:\Users\hp\Documents\UOC\2nd Year- 1st Semester\SCS-2204_Functional Programming\Tutorial_3\Q1.scala
2023.06.25 16:04:53 WARN  no build target for: C:\Users\hp\Documents\UOC\2nd Year- 1st Semester\SCS-2204_Functional Programming\Tutorial_3\Q1.scala
2023.06.25 16:04:55 WARN  no build target for: C:\Users\hp\Documents\UOC\2nd Year- 1st Semester\SCS-2204_Functional Programming\Tutorial_3\Q1.scala
2023.06.25 16:04:59 WARN  no build target for: C:\Users\hp\Documents\UOC\2nd Year- 1st Semester\SCS-2204_Functional Programming\Tutorial_3\Q1.scala
2023.06.25 16:05:01 WARN  no build target for: C:\Users\hp\Documents\UOC\2nd Year- 1st Semester\SCS-2204_Functional Programming\Tutorial_3\Q1.scala
2023.06.25 16:05:03 WARN  no build target for: C:\Users\hp\Documents\UOC\2nd Year- 1st Semester\SCS-2204_Functional Programming\Tutorial_3\Q1.scala
2023.06.25 16:05:07 WARN  no build target for: C:\Users\hp\Documents\UOC\2nd Year- 1st Semester\SCS-2204_Functional Programming\Tutorial_3\Q1.scala
2023.06.25 16:05:14 WARN  no build target for: C:\Users\hp\Documents\UOC\2nd Year- 1st Semester\SCS-2204_Functional Programming\Tutorial_3\Q1.scala
2023.06.25 16:05:15 WARN  no build target for: C:\Users\hp\Documents\UOC\2nd Year- 1st Semester\SCS-2204_Functional Programming\Tutorial_3\Q1.scala
2023.06.25 16:05:21 WARN  no build target for: C:\Users\hp\Documents\UOC\2nd Year- 1st Semester\SCS-2204_Functional Programming\Tutorial_3\Q1.scala
2023.06.25 16:05:23 WARN  no build target for: C:\Users\hp\Documents\UOC\2nd Year- 1st Semester\SCS-2204_Functional Programming\Tutorial_3\Q1.scala
2023.06.25 16:05:25 WARN  no build target for: C:\Users\hp\Documents\UOC\2nd Year- 1st Semester\SCS-2204_Functional Programming\Tutorial_3\Q1.scala
2023.06.25 16:06:19 WARN  no build target for: C:\Users\hp\Documents\UOC\2nd Year- 1st Semester\SCS-2204_Functional Programming\Tutorial_3\Q1.scala
2023.06.25 16:06:20 WARN  no build target for: C:\Users\hp\Documents\UOC\2nd Year- 1st Semester\SCS-2204_Functional Programming\Tutorial_3\Q1.scala
2023.06.25 16:06:25 WARN  no build target for: C:\Users\hp\Documents\UOC\2nd Year- 1st Semester\SCS-2204_Functional Programming\Tutorial_3\Q1.scala
2023.06.25 16:06:29 WARN  no build target for: C:\Users\hp\Documents\UOC\2nd Year- 1st Semester\SCS-2204_Functional Programming\Tutorial_3\Q1.scala
2023.06.25 16:06:31 WARN  no build target for: C:\Users\hp\Documents\UOC\2nd Year- 1st Semester\SCS-2204_Functional Programming\Tutorial_3\Q1.scala
Jun 25, 2023 4:08:12 PM org.eclipse.lsp4j.jsonrpc.RemoteEndpoint handleCancellation
WARNING: Unmatched cancel notification for request id 1483
2023.06.25 16:08:13 WARN  no build target for: C:\Users\hp\Documents\UOC\2nd Year- 1st Semester\SCS-2204_Functional Programming\Tutorial_3\Q1.scala
2023.06.25 16:08:16 WARN  no build target for: C:\Users\hp\Documents\UOC\2nd Year- 1st Semester\SCS-2204_Functional Programming\Tutorial_3\Q1.scala
2023.06.25 16:08:18 WARN  no build target for: C:\Users\hp\Documents\UOC\2nd Year- 1st Semester\SCS-2204_Functional Programming\Tutorial_3\Q1.scala
2023.06.25 16:08:20 WARN  no build target for: C:\Users\hp\Documents\UOC\2nd Year- 1st Semester\SCS-2204_Functional Programming\Tutorial_3\Q1.scala
2023.06.25 16:10:53 WARN  no build target for: C:\Users\hp\Documents\UOC\2nd Year- 1st Semester\SCS-2204_Functional Programming\Tutorial_3\Q1.scala
2023.06.25 16:10:55 WARN  no build target for: C:\Users\hp\Documents\UOC\2nd Year- 1st Semester\SCS-2204_Functional Programming\Tutorial_3\Q1.scala
2023.06.25 16:10:57 WARN  no build target for: C:\Users\hp\Documents\UOC\2nd Year- 1st Semester\SCS-2204_Functional Programming\Tutorial_3\Q1.scala
2023.06.25 16:11:02 WARN  no build target for: C:\Users\hp\Documents\UOC\2nd Year- 1st Semester\SCS-2204_Functional Programming\Tutorial_3\Q1.scala
2023.06.25 16:12:28 WARN  no build target for: C:\Users\hp\Documents\UOC\2nd Year- 1st Semester\SCS-2204_Functional Programming\Tutorial_3\Q1.scala
2023.06.25 16:12:30 WARN  no build target for: C:\Users\hp\Documents\UOC\2nd Year- 1st Semester\SCS-2204_Functional Programming\Tutorial_3\Q1.scala
2023.06.25 16:12:33 WARN  no build target for: C:\Users\hp\Documents\UOC\2nd Year- 1st Semester\SCS-2204_Functional Programming\Tutorial_3\Q1.scala
2023.06.25 16:12:41 WARN  no build target for: C:\Users\hp\Documents\UOC\2nd Year- 1st Semester\SCS-2204_Functional Programming\Tutorial_3\Q1.scala
2023.06.25 15:59:55 WARN  no build target for: C:\Users\hp\Documents\UOC\2nd Year- 1st Semester\SCS-2204_Functional Programming\Tutorial_3\Q1.scala
2023.06.25 16:07:36 WARN  no build target for: C:\Users\hp\Documents\UOC\2nd Year- 1st Semester\SCS-2204_Functional Programming\Tutorial_3\Q1.scala
2023.06.25 16:07:38 WARN  no build target for: C:\Users\hp\Documents\UOC\2nd Year- 1st Semester\SCS-2204_Functional Programming\Tutorial_3\Q1.scala
2023.06.25 16:07:52 WARN  no build target for: C:\Users\hp\Documents\UOC\2nd Year- 1st Semester\SCS-2204_Functional Programming\Tutorial_3\Q1.scala
2023.06.25 16:07:57 WARN  no build target for: C:\Users\hp\Documents\UOC\2nd Year- 1st Semester\SCS-2204_Functional Programming\Tutorial_3\Q1.scala
2023.06.25 16:08:02 WARN  no build target for: C:\Users\hp\Documents\UOC\2nd Year- 1st Semester\SCS-2204_Functional Programming\Tutorial_3\Q1.scala
2023.06.25 16:08:04 WARN  no build target for: C:\Users\hp\Documents\UOC\2nd Year- 1st Semester\SCS-2204_Functional Programming\Tutorial_3\Q1.scala
2023.06.25 16:08:36 INFO  Shutting down server
2023.06.25 16:08:36 INFO  shutting down Metals
2023.06.25 16:08:36 INFO  Exiting server
2023.06.25 16:08:53 INFO  Started: Metals version 0.11.12 in workspace 'C:\Users\hp\Documents\UOC\2nd Year- 1st Semester\SCS-2204_Functional Programming\Tutorial_3' for client Visual Studio Code 1.79.2.
Jun 25, 2023 4:08:53 PM org.flywaydb.core.internal.license.VersionPrinter printVersionOnly
INFO: Flyway Community Edition 9.16.3 by Redgate
Jun 25, 2023 4:08:53 PM org.flywaydb.core.internal.license.VersionPrinter printVersion
INFO: See release notes here: https://rd.gt/416ObMi
Jun 25, 2023 4:08:53 PM org.flywaydb.core.internal.license.VersionPrinter printVersion
INFO: 
Jun 25, 2023 4:08:53 PM org.flywaydb.core.internal.database.base.BaseDatabaseType createDatabase
INFO: Database: jdbc:h2:file:C:\Users\hp\Documents\UOC\2nd Year- 1st Semester\SCS-2204_Functional Programming\Tutorial_3\.metals\metals (H2 2.1)
Jun 25, 2023 4:08:53 PM org.flywaydb.core.internal.command.DbValidate validate
INFO: Successfully validated 4 migrations (execution time 00:00.032s)
Jun 25, 2023 4:08:53 PM org.flywaydb.core.internal.command.DbMigrate migrateGroup
INFO: Current version of schema "PUBLIC": 4
Jun 25, 2023 4:08:53 PM org.flywaydb.core.internal.command.DbMigrate logSummary
INFO: Schema "PUBLIC" is up to date. No migration necessary.
2023.06.25 16:08:54 INFO  time: initialize in 0.95s
2023.06.25 16:08:56 WARN  Build server is not auto-connectable.
2023.06.25 16:08:56 WARN  no build tool detected in workspace 'C:\Users\hp\Documents\UOC\2nd Year- 1st Semester\SCS-2204_Functional Programming\Tutorial_3'. The most common cause for this problem is that the editor was opened in the wrong working directory, for example if you use sbt then the workspace directory should contain build.sbt. 
2023.06.25 16:08:56 WARN  no build target for: C:\Users\hp\Documents\UOC\2nd Year- 1st Semester\SCS-2204_Functional Programming\Tutorial_3\Q1.scala
2023.06.25 16:09:02 INFO  no build target found for C:\Users\hp\Documents\UOC\2nd Year- 1st Semester\SCS-2204_Functional Programming\Tutorial_3\Q1.scala. Using presentation compiler with project's scala-library version: 3.2.2
2023.06.25 16:09:09 INFO  time: code lens generation in 12s
2023.06.25 16:09:58 WARN  no build target for: C:\Users\hp\Documents\UOC\2nd Year- 1st Semester\SCS-2204_Functional Programming\Tutorial_3\Q1.scala
2023.06.25 16:10:01 WARN  no build target for: C:\Users\hp\Documents\UOC\2nd Year- 1st Semester\SCS-2204_Functional Programming\Tutorial_3\Q1.scala
2023.06.26 02:46:10 INFO  Started: Metals version 0.11.12 in workspace 'C:\Users\hp\Documents\UOC\2nd Year- 1st Semester\SCS-2204_Functional Programming\Tutorial_3' for client Visual Studio Code 1.79.2.
Jun 26, 2023 2:46:10 AM org.flywaydb.core.internal.license.VersionPrinter printVersionOnly
INFO: Flyway Community Edition 9.16.3 by Redgate
Jun 26, 2023 2:46:10 AM org.flywaydb.core.internal.license.VersionPrinter printVersion
INFO: See release notes here: https://rd.gt/416ObMi
Jun 26, 2023 2:46:10 AM org.flywaydb.core.internal.license.VersionPrinter printVersion
INFO: 
Jun 26, 2023 2:46:15 AM org.flywaydb.core.internal.database.base.BaseDatabaseType createDatabase
INFO: Database: jdbc:h2:file:C:\Users\hp\Documents\UOC\2nd Year- 1st Semester\SCS-2204_Functional Programming\Tutorial_3\.metals\metals (H2 2.1)
Jun 26, 2023 2:46:16 AM org.flywaydb.core.internal.command.DbValidate validate
INFO: Successfully validated 4 migrations (execution time 00:00.082s)
Jun 26, 2023 2:46:16 AM org.flywaydb.core.internal.command.DbMigrate migrateGroup
INFO: Current version of schema "PUBLIC": 4
Jun 26, 2023 2:46:16 AM org.flywaydb.core.internal.command.DbMigrate logSummary
INFO: Schema "PUBLIC" is up to date. No migration necessary.
2023.06.26 02:46:16 INFO  time: initialize in 5.79s
2023.06.26 02:46:21 WARN  Build server is not auto-connectable.
2023.06.26 02:46:21 WARN  no build tool detected in workspace 'C:\Users\hp\Documents\UOC\2nd Year- 1st Semester\SCS-2204_Functional Programming\Tutorial_3'. The most common cause for this problem is that the editor was opened in the wrong working directory, for example if you use sbt then the workspace directory should contain build.sbt. 
2023.06.26 02:46:21 WARN  no build target for: C:\Users\hp\Documents\UOC\2nd Year- 1st Semester\SCS-2204_Functional Programming\Tutorial_3\Q1.scala
2023.06.26 02:46:34 INFO  no build target found for C:\Users\hp\Documents\UOC\2nd Year- 1st Semester\SCS-2204_Functional Programming\Tutorial_3\Q1.scala. Using presentation compiler with project's scala-library version: 3.2.2
2023.06.26 02:46:42 INFO  time: code lens generation in 18s
2023.06.26 02:47:49 WARN  no build target for: C:\Users\hp\Documents\UOC\2nd Year- 1st Semester\SCS-2204_Functional Programming\Tutorial_3\Q2.scala
2023.06.26 02:48:07 WARN  no build target for: C:\Users\hp\Documents\UOC\2nd Year- 1st Semester\SCS-2204_Functional Programming\Tutorial_3\Q2.scala
2023.06.26 02:48:09 WARN  no build target for: C:\Users\hp\Documents\UOC\2nd Year- 1st Semester\SCS-2204_Functional Programming\Tutorial_3\Q2.scala
2023.06.26 02:48:11 WARN  no build target for: C:\Users\hp\Documents\UOC\2nd Year- 1st Semester\SCS-2204_Functional Programming\Tutorial_3\Q2.scala
2023.06.26 02:48:13 WARN  no build target for: C:\Users\hp\Documents\UOC\2nd Year- 1st Semester\SCS-2204_Functional Programming\Tutorial_3\Q2.scala
2023.06.26 02:48:15 WARN  no build target for: C:\Users\hp\Documents\UOC\2nd Year- 1st Semester\SCS-2204_Functional Programming\Tutorial_3\Q2.scala
2023.06.26 02:48:19 WARN  no build target for: C:\Users\hp\Documents\UOC\2nd Year- 1st Semester\SCS-2204_Functional Programming\Tutorial_3\Q2.scala
2023.06.26 02:48:21 WARN  no build target for: C:\Users\hp\Documents\UOC\2nd Year- 1st Semester\SCS-2204_Functional Programming\Tutorial_3\Q2.scala
2023.06.26 02:48:24 WARN  no build target for: C:\Users\hp\Documents\UOC\2nd Year- 1st Semester\SCS-2204_Functional Programming\Tutorial_3\Q2.scala
2023.06.26 02:48:28 WARN  no build target for: C:\Users\hp\Documents\UOC\2nd Year- 1st Semester\SCS-2204_Functional Programming\Tutorial_3\Q2.scala
2023.06.26 02:48:32 WARN  no build target for: C:\Users\hp\Documents\UOC\2nd Year- 1st Semester\SCS-2204_Functional Programming\Tutorial_3\Q2.scala
2023.06.26 02:48:35 WARN  no build target for: C:\Users\hp\Documents\UOC\2nd Year- 1st Semester\SCS-2204_Functional Programming\Tutorial_3\Q2.scala
2023.06.26 02:48:37 WARN  no build target for: C:\Users\hp\Documents\UOC\2nd Year- 1st Semester\SCS-2204_Functional Programming\Tutorial_3\Q2.scala
2023.06.26 02:48:39 WARN  no build target for: C:\Users\hp\Documents\UOC\2nd Year- 1st Semester\SCS-2204_Functional Programming\Tutorial_3\Q2.scala
2023.06.26 02:48:42 WARN  no build target for: C:\Users\hp\Documents\UOC\2nd Year- 1st Semester\SCS-2204_Functional Programming\Tutorial_3\Q2.scala
2023.06.26 02:48:46 WARN  no build target for: C:\Users\hp\Documents\UOC\2nd Year- 1st Semester\SCS-2204_Functional Programming\Tutorial_3\Q2.scala
2023.06.26 02:48:47 WARN  no build target for: C:\Users\hp\Documents\UOC\2nd Year- 1st Semester\SCS-2204_Functional Programming\Tutorial_3\Q2.scala
2023.06.26 02:48:53 WARN  no build target for: C:\Users\hp\Documents\UOC\2nd Year- 1st Semester\SCS-2204_Functional Programming\Tutorial_3\Q2.scala
2023.06.26 02:48:55 WARN  no build target for: C:\Users\hp\Documents\UOC\2nd Year- 1st Semester\SCS-2204_Functional Programming\Tutorial_3\Q2.scala
2023.06.26 02:48:59 WARN  no build target for: C:\Users\hp\Documents\UOC\2nd Year- 1st Semester\SCS-2204_Functional Programming\Tutorial_3\Q2.scala
2023.06.26 02:49:13 WARN  no build target for: C:\Users\hp\Documents\UOC\2nd Year- 1st Semester\SCS-2204_Functional Programming\Tutorial_3\Q2.scala
2023.06.26 02:49:15 WARN  no build target for: C:\Users\hp\Documents\UOC\2nd Year- 1st Semester\SCS-2204_Functional Programming\Tutorial_3\Q2.scala
2023.06.26 02:49:17 WARN  no build target for: C:\Users\hp\Documents\UOC\2nd Year- 1st Semester\SCS-2204_Functional Programming\Tutorial_3\Q2.scala
2023.06.26 02:49:21 WARN  no build target for: C:\Users\hp\Documents\UOC\2nd Year- 1st Semester\SCS-2204_Functional Programming\Tutorial_3\Q2.scala
2023.06.26 02:49:23 WARN  no build target for: C:\Users\hp\Documents\UOC\2nd Year- 1st Semester\SCS-2204_Functional Programming\Tutorial_3\Q2.scala
2023.06.26 02:49:25 WARN  no build target for: C:\Users\hp\Documents\UOC\2nd Year- 1st Semester\SCS-2204_Functional Programming\Tutorial_3\Q2.scala
2023.06.26 02:49:26 WARN  no build target for: C:\Users\hp\Documents\UOC\2nd Year- 1st Semester\SCS-2204_Functional Programming\Tutorial_3\Q2.scala
2023.06.26 02:49:31 WARN  no build target for: C:\Users\hp\Documents\UOC\2nd Year- 1st Semester\SCS-2204_Functional Programming\Tutorial_3\Q2.scala
2023.06.26 02:49:32 WARN  no build target for: C:\Users\hp\Documents\UOC\2nd Year- 1st Semester\SCS-2204_Functional Programming\Tutorial_3\Q2.scala
2023.06.26 02:49:33 WARN  no build target for: C:\Users\hp\Documents\UOC\2nd Year- 1st Semester\SCS-2204_Functional Programming\Tutorial_3\Q2.scala
2023.06.26 02:49:34 WARN  no build target for: C:\Users\hp\Documents\UOC\2nd Year- 1st Semester\SCS-2204_Functional Programming\Tutorial_3\Q2.scala
2023.06.26 02:49:38 WARN  no build target for: C:\Users\hp\Documents\UOC\2nd Year- 1st Semester\SCS-2204_Functional Programming\Tutorial_3\Q2.scala
2023.06.26 02:49:48 WARN  no build target for: C:\Users\hp\Documents\UOC\2nd Year- 1st Semester\SCS-2204_Functional Programming\Tutorial_3\Q2.scala
2023.06.26 02:49:51 WARN  no build target for: C:\Users\hp\Documents\UOC\2nd Year- 1st Semester\SCS-2204_Functional Programming\Tutorial_3\Q2.scala
2023.06.26 02:49:53 WARN  no build target for: C:\Users\hp\Documents\UOC\2nd Year- 1st Semester\SCS-2204_Functional Programming\Tutorial_3\Q2.scala
2023.06.26 02:49:55 WARN  no build target for: C:\Users\hp\Documents\UOC\2nd Year- 1st Semester\SCS-2204_Functional Programming\Tutorial_3\Q2.scala
Jun 26, 2023 2:51:22 AM org.eclipse.lsp4j.jsonrpc.RemoteEndpoint handleCancellation
WARNING: Unmatched cancel notification for request id 450
2023.06.26 02:51:26 WARN  no build target for: C:\Users\hp\Documents\UOC\2nd Year- 1st Semester\SCS-2204_Functional Programming\Tutorial_3\Q2.scala
2023.06.26 02:51:27 WARN  no build target for: C:\Users\hp\Documents\UOC\2nd Year- 1st Semester\SCS-2204_Functional Programming\Tutorial_3\Q2.scala
2023.06.26 02:51:39 WARN  no build target for: C:\Users\hp\Documents\UOC\2nd Year- 1st Semester\SCS-2204_Functional Programming\Tutorial_3\Q2.scala
2023.06.26 02:51:43 WARN  no build target for: C:\Users\hp\Documents\UOC\2nd Year- 1st Semester\SCS-2204_Functional Programming\Tutorial_3\Q2.scala
2023.06.26 02:51:49 WARN  no build target for: C:\Users\hp\Documents\UOC\2nd Year- 1st Semester\SCS-2204_Functional Programming\Tutorial_3\Q2.scala
2023.06.26 02:51:50 WARN  no build target for: C:\Users\hp\Documents\UOC\2nd Year- 1st Semester\SCS-2204_Functional Programming\Tutorial_3\Q2.scala
Jun 26, 2023 2:51:57 AM org.eclipse.lsp4j.jsonrpc.RemoteEndpoint handleCancellation
WARNING: Unmatched cancel notification for request id 517
2023.06.26 02:51:58 WARN  no build target for: C:\Users\hp\Documents\UOC\2nd Year- 1st Semester\SCS-2204_Functional Programming\Tutorial_3\Q2.scala
Jun 26, 2023 2:52:00 AM org.eclipse.lsp4j.jsonrpc.RemoteEndpoint handleCancellation
WARNING: Unmatched cancel notification for request id 530
2023.06.26 02:52:01 WARN  no build target for: C:\Users\hp\Documents\UOC\2nd Year- 1st Semester\SCS-2204_Functional Programming\Tutorial_3\Q2.scala
2023.06.26 02:52:03 WARN  no build target for: C:\Users\hp\Documents\UOC\2nd Year- 1st Semester\SCS-2204_Functional Programming\Tutorial_3\Q2.scala
2023.06.26 02:52:05 WARN  no build target for: C:\Users\hp\Documents\UOC\2nd Year- 1st Semester\SCS-2204_Functional Programming\Tutorial_3\Q2.scala
2023.06.26 02:52:06 WARN  no build target for: C:\Users\hp\Documents\UOC\2nd Year- 1st Semester\SCS-2204_Functional Programming\Tutorial_3\Q2.scala
2023.06.26 02:52:08 WARN  no build target for: C:\Users\hp\Documents\UOC\2nd Year- 1st Semester\SCS-2204_Functional Programming\Tutorial_3\Q2.scala
2023.06.26 02:52:10 WARN  no build target for: C:\Users\hp\Documents\UOC\2nd Year- 1st Semester\SCS-2204_Functional Programming\Tutorial_3\Q2.scala
2023.06.26 02:52:12 WARN  no build target for: C:\Users\hp\Documents\UOC\2nd Year- 1st Semester\SCS-2204_Functional Programming\Tutorial_3\Q2.scala
2023.06.26 02:52:14 WARN  no build target for: C:\Users\hp\Documents\UOC\2nd Year- 1st Semester\SCS-2204_Functional Programming\Tutorial_3\Q2.scala
Jun 26, 2023 2:52:14 AM org.eclipse.lsp4j.jsonrpc.RemoteEndpoint handleCancellation
WARNING: Unmatched cancel notification for request id 613
2023.06.26 02:52:15 WARN  no build target for: C:\Users\hp\Documents\UOC\2nd Year- 1st Semester\SCS-2204_Functional Programming\Tutorial_3\Q2.scala
2023.06.26 02:52:17 WARN  no build target for: C:\Users\hp\Documents\UOC\2nd Year- 1st Semester\SCS-2204_Functional Programming\Tutorial_3\Q2.scala
2023.06.26 02:52:19 WARN  no build target for: C:\Users\hp\Documents\UOC\2nd Year- 1st Semester\SCS-2204_Functional Programming\Tutorial_3\Q2.scala
2023.06.26 02:52:20 WARN  no build target for: C:\Users\hp\Documents\UOC\2nd Year- 1st Semester\SCS-2204_Functional Programming\Tutorial_3\Q2.scala
2023.06.26 02:52:49 WARN  no build target for: C:\Users\hp\Documents\UOC\2nd Year- 1st Semester\SCS-2204_Functional Programming\Tutorial_3\Q2.scala
2023.06.26 02:53:54 WARN  no build target for: C:\Users\hp\Documents\UOC\2nd Year- 1st Semester\SCS-2204_Functional Programming\Tutorial_3\Q2.scala
2023.06.26 02:53:59 WARN  no build target for: C:\Users\hp\Documents\UOC\2nd Year- 1st Semester\SCS-2204_Functional Programming\Tutorial_3\Q2.scala
2023.06.26 02:54:00 WARN  no build target for: C:\Users\hp\Documents\UOC\2nd Year- 1st Semester\SCS-2204_Functional Programming\Tutorial_3\Q2.scala
2023.06.26 02:54:02 WARN  no build target for: C:\Users\hp\Documents\UOC\2nd Year- 1st Semester\SCS-2204_Functional Programming\Tutorial_3\Q2.scala
2023.06.26 02:54:05 WARN  no build target for: C:\Users\hp\Documents\UOC\2nd Year- 1st Semester\SCS-2204_Functional Programming\Tutorial_3\Q2.scala
2023.06.26 02:54:30 WARN  no build target for: C:\Users\hp\Documents\UOC\2nd Year- 1st Semester\SCS-2204_Functional Programming\Tutorial_3\Q2.scala
2023.06.26 02:54:32 WARN  no build target for: C:\Users\hp\Documents\UOC\2nd Year- 1st Semester\SCS-2204_Functional Programming\Tutorial_3\Q2.scala
2023.06.26 02:54:33 WARN  no build target for: C:\Users\hp\Documents\UOC\2nd Year- 1st Semester\SCS-2204_Functional Programming\Tutorial_3\Q2.scala
2023.06.26 02:54:37 WARN  no build target for: C:\Users\hp\Documents\UOC\2nd Year- 1st Semester\SCS-2204_Functional Programming\Tutorial_3\Q2.scala
2023.06.26 02:54:41 WARN  no build target for: C:\Users\hp\Documents\UOC\2nd Year- 1st Semester\SCS-2204_Functional Programming\Tutorial_3\Q2.scala
2023.06.26 02:54:44 WARN  no build target for: C:\Users\hp\Documents\UOC\2nd Year- 1st Semester\SCS-2204_Functional Programming\Tutorial_3\Q2.scala
2023.06.26 02:55:09 WARN  no build target for: C:\Users\hp\Documents\UOC\2nd Year- 1st Semester\SCS-2204_Functional Programming\Tutorial_3\Q2.scala
2023.06.26 02:55:15 WARN  no build target for: C:\Users\hp\Documents\UOC\2nd Year- 1st Semester\SCS-2204_Functional Programming\Tutorial_3\Q2.scala
2023.06.26 02:55:16 WARN  no build target for: C:\Users\hp\Documents\UOC\2nd Year- 1st Semester\SCS-2204_Functional Programming\Tutorial_3\Q2.scala
2023.06.26 02:55:20 WARN  no build target for: C:\Users\hp\Documents\UOC\2nd Year- 1st Semester\SCS-2204_Functional Programming\Tutorial_3\Q2.scala
2023.06.26 02:55:28 WARN  no build target for: C:\Users\hp\Documents\UOC\2nd Year- 1st Semester\SCS-2204_Functional Programming\Tutorial_3\Q2.scala
2023.06.26 02:55:31 WARN  no build target for: C:\Users\hp\Documents\UOC\2nd Year- 1st Semester\SCS-2204_Functional Programming\Tutorial_3\Q2.scala
2023.06.26 02:55:32 WARN  no build target for: C:\Users\hp\Documents\UOC\2nd Year- 1st Semester\SCS-2204_Functional Programming\Tutorial_3\Q2.scala
2023.06.26 02:55:38 WARN  no build target for: C:\Users\hp\Documents\UOC\2nd Year- 1st Semester\SCS-2204_Functional Programming\Tutorial_3\Q2.scala
2023.06.26 02:55:41 WARN  no build target for: C:\Users\hp\Documents\UOC\2nd Year- 1st Semester\SCS-2204_Functional Programming\Tutorial_3\Q2.scala
2023.06.26 02:57:06 WARN  no build target for: C:\Users\hp\Documents\UOC\2nd Year- 1st Semester\SCS-2204_Functional Programming\Tutorial_3\Q2.scala
2023.06.26 02:57:07 WARN  no build target for: C:\Users\hp\Documents\UOC\2nd Year- 1st Semester\SCS-2204_Functional Programming\Tutorial_3\Q2.scala
2023.06.26 02:57:11 WARN  no build target for: C:\Users\hp\Documents\UOC\2nd Year- 1st Semester\SCS-2204_Functional Programming\Tutorial_3\Q2.scala
2023.06.26 02:57:12 WARN  no build target for: C:\Users\hp\Documents\UOC\2nd Year- 1st Semester\SCS-2204_Functional Programming\Tutorial_3\Q2.scala
2023.06.26 02:57:21 WARN  no build target for: C:\Users\hp\Documents\UOC\2nd Year- 1st Semester\SCS-2204_Functional Programming\Tutorial_3\Q2.scala
2023.06.26 02:57:26 WARN  no build target for: C:\Users\hp\Documents\UOC\2nd Year- 1st Semester\SCS-2204_Functional Programming\Tutorial_3\Q2.scala
2023.06.26 02:57:29 WARN  no build target for: C:\Users\hp\Documents\UOC\2nd Year- 1st Semester\SCS-2204_Functional Programming\Tutorial_3\Q2.scala
2023.06.26 02:57:32 WARN  no build target for: C:\Users\hp\Documents\UOC\2nd Year- 1st Semester\SCS-2204_Functional Programming\Tutorial_3\Q2.scala
2023.06.26 02:57:35 WARN  no build target for: C:\Users\hp\Documents\UOC\2nd Year- 1st Semester\SCS-2204_Functional Programming\Tutorial_3\Q2.scala
2023.06.26 02:57:37 WARN  no build target for: C:\Users\hp\Documents\UOC\2nd Year- 1st Semester\SCS-2204_Functional Programming\Tutorial_3\Q2.scala
2023.06.26 02:57:39 WARN  no build target for: C:\Users\hp\Documents\UOC\2nd Year- 1st Semester\SCS-2204_Functional Programming\Tutorial_3\Q2.scala
2023.06.26 02:57:44 WARN  no build target for: C:\Users\hp\Documents\UOC\2nd Year- 1st Semester\SCS-2204_Functional Programming\Tutorial_3\Q2.scala
Jun 26, 2023 2:57:45 AM org.eclipse.lsp4j.jsonrpc.RemoteEndpoint handleCancellation
WARNING: Unmatched cancel notification for request id 1036
2023.06.26 02:57:47 WARN  no build target for: C:\Users\hp\Documents\UOC\2nd Year- 1st Semester\SCS-2204_Functional Programming\Tutorial_3\Q2.scala
2023.06.26 02:57:49 WARN  no build target for: C:\Users\hp\Documents\UOC\2nd Year- 1st Semester\SCS-2204_Functional Programming\Tutorial_3\Q2.scala
2023.06.26 02:57:52 WARN  no build target for: C:\Users\hp\Documents\UOC\2nd Year- 1st Semester\SCS-2204_Functional Programming\Tutorial_3\Q2.scala
2023.06.26 02:57:55 WARN  no build target for: C:\Users\hp\Documents\UOC\2nd Year- 1st Semester\SCS-2204_Functional Programming\Tutorial_3\Q2.scala
2023.06.26 02:57:59 WARN  no build target for: C:\Users\hp\Documents\UOC\2nd Year- 1st Semester\SCS-2204_Functional Programming\Tutorial_3\Q2.scala
2023.06.26 02:58:03 WARN  no build target for: C:\Users\hp\Documents\UOC\2nd Year- 1st Semester\SCS-2204_Functional Programming\Tutorial_3\Q2.scala
2023.06.26 02:58:56 WARN  no build target for: C:\Users\hp\Documents\UOC\2nd Year- 1st Semester\SCS-2204_Functional Programming\Tutorial_3\Q2.scala
2023.06.26 02:59:46 WARN  no build target for: C:\Users\hp\Documents\UOC\2nd Year- 1st Semester\SCS-2204_Functional Programming\Tutorial_3\Q2.scala
2023.06.26 02:59:48 WARN  no build target for: C:\Users\hp\Documents\UOC\2nd Year- 1st Semester\SCS-2204_Functional Programming\Tutorial_3\Q2.scala
2023.06.26 02:59:50 WARN  no build target for: C:\Users\hp\Documents\UOC\2nd Year- 1st Semester\SCS-2204_Functional Programming\Tutorial_3\Q2.scala
2023.06.26 02:59:55 WARN  no build target for: C:\Users\hp\Documents\UOC\2nd Year- 1st Semester\SCS-2204_Functional Programming\Tutorial_3\Q2.scala
2023.06.26 03:08:16 WARN  no build target for: C:\Users\hp\Documents\UOC\2nd Year- 1st Semester\SCS-2204_Functional Programming\Tutorial_3\Q2.scala
2023.06.26 03:10:19 WARN  no build target for: C:\Users\hp\Documents\UOC\2nd Year- 1st Semester\SCS-2204_Functional Programming\Tutorial_3\Q2.scala
2023.06.26 03:10:25 WARN  no build target for: C:\Users\hp\Documents\UOC\2nd Year- 1st Semester\SCS-2204_Functional Programming\Tutorial_3\Q2.scala
2023.06.26 03:10:27 WARN  no build target for: C:\Users\hp\Documents\UOC\2nd Year- 1st Semester\SCS-2204_Functional Programming\Tutorial_3\Q2.scala
2023.06.26 03:10:45 WARN  no build target for: C:\Users\hp\Documents\UOC\2nd Year- 1st Semester\SCS-2204_Functional Programming\Tutorial_3\Q2.scala
2023.06.26 03:12:56 WARN  no build target for: C:\Users\hp\Documents\UOC\2nd Year- 1st Semester\SCS-2204_Functional Programming\Tutorial_3\Q2.scala
2023.06.26 03:12:58 WARN  no build target for: C:\Users\hp\Documents\UOC\2nd Year- 1st Semester\SCS-2204_Functional Programming\Tutorial_3\Q2.scala
2023.06.26 03:13:00 WARN  no build target for: C:\Users\hp\Documents\UOC\2nd Year- 1st Semester\SCS-2204_Functional Programming\Tutorial_3\Q2.scala
2023.06.26 03:13:23 WARN  no build target for: C:\Users\hp\Documents\UOC\2nd Year- 1st Semester\SCS-2204_Functional Programming\Tutorial_3\Q2.scala
2023.06.26 03:13:26 WARN  no build target for: C:\Users\hp\Documents\UOC\2nd Year- 1st Semester\SCS-2204_Functional Programming\Tutorial_3\Q2.scala
2023.06.26 03:13:29 WARN  no build target for: C:\Users\hp\Documents\UOC\2nd Year- 1st Semester\SCS-2204_Functional Programming\Tutorial_3\Q2.scala
2023.06.26 03:13:32 WARN  no build target for: C:\Users\hp\Documents\UOC\2nd Year- 1st Semester\SCS-2204_Functional Programming\Tutorial_3\Q2.scala
2023.06.26 03:13:34 WARN  no build target for: C:\Users\hp\Documents\UOC\2nd Year- 1st Semester\SCS-2204_Functional Programming\Tutorial_3\Q2.scala
Jun 26, 2023 3:13:43 AM org.eclipse.lsp4j.jsonrpc.RemoteEndpoint handleCancellation
WARNING: Unmatched cancel notification for request id 1440
2023.06.26 03:13:44 WARN  no build target for: C:\Users\hp\Documents\UOC\2nd Year- 1st Semester\SCS-2204_Functional Programming\Tutorial_3\Q2.scala
2023.06.26 03:13:46 WARN  no build target for: C:\Users\hp\Documents\UOC\2nd Year- 1st Semester\SCS-2204_Functional Programming\Tutorial_3\Q2.scala
2023.06.26 03:13:50 WARN  no build target for: C:\Users\hp\Documents\UOC\2nd Year- 1st Semester\SCS-2204_Functional Programming\Tutorial_3\Q2.scala
2023.06.26 03:13:51 WARN  no build target for: C:\Users\hp\Documents\UOC\2nd Year- 1st Semester\SCS-2204_Functional Programming\Tutorial_3\Q2.scala
2023.06.26 03:13:53 WARN  no build target for: C:\Users\hp\Documents\UOC\2nd Year- 1st Semester\SCS-2204_Functional Programming\Tutorial_3\Q2.scala
2023.06.26 03:13:59 WARN  no build target for: C:\Users\hp\Documents\UOC\2nd Year- 1st Semester\SCS-2204_Functional Programming\Tutorial_3\Q2.scala
2023.06.26 03:14:04 WARN  no build target for: C:\Users\hp\Documents\UOC\2nd Year- 1st Semester\SCS-2204_Functional Programming\Tutorial_3\Q2.scala
2023.06.26 03:14:13 WARN  no build target for: C:\Users\hp\Documents\UOC\2nd Year- 1st Semester\SCS-2204_Functional Programming\Tutorial_3\Q2.scala
2023.06.26 03:14:14 WARN  no build target for: C:\Users\hp\Documents\UOC\2nd Year- 1st Semester\SCS-2204_Functional Programming\Tutorial_3\Q2.scala
2023.06.26 03:14:18 WARN  no build target for: C:\Users\hp\Documents\UOC\2nd Year- 1st Semester\SCS-2204_Functional Programming\Tutorial_3\Q2.scala
2023.06.26 03:14:19 WARN  no build target for: C:\Users\hp\Documents\UOC\2nd Year- 1st Semester\SCS-2204_Functional Programming\Tutorial_3\Q2.scala
2023.06.26 03:14:20 WARN  no build target for: C:\Users\hp\Documents\UOC\2nd Year- 1st Semester\SCS-2204_Functional Programming\Tutorial_3\Q2.scala
2023.06.26 03:14:53 WARN  no build target for: C:\Users\hp\Documents\UOC\2nd Year- 1st Semester\SCS-2204_Functional Programming\Tutorial_3\Q2.scala
2023.06.26 03:14:57 WARN  no build target for: C:\Users\hp\Documents\UOC\2nd Year- 1st Semester\SCS-2204_Functional Programming\Tutorial_3\Q2.scala
2023.06.26 03:15:07 WARN  no build target for: C:\Users\hp\Documents\UOC\2nd Year- 1st Semester\SCS-2204_Functional Programming\Tutorial_3\Q2.scala
2023.06.26 03:15:11 WARN  no build target for: C:\Users\hp\Documents\UOC\2nd Year- 1st Semester\SCS-2204_Functional Programming\Tutorial_3\Q2.scala
2023.06.26 03:15:13 WARN  no build target for: C:\Users\hp\Documents\UOC\2nd Year- 1st Semester\SCS-2204_Functional Programming\Tutorial_3\Q2.scala
2023.06.26 03:15:15 WARN  no build target for: C:\Users\hp\Documents\UOC\2nd Year- 1st Semester\SCS-2204_Functional Programming\Tutorial_3\Q2.scala
2023.06.26 03:15:24 WARN  no build target for: C:\Users\hp\Documents\UOC\2nd Year- 1st Semester\SCS-2204_Functional Programming\Tutorial_3\Q2.scala
2023.06.26 03:15:25 WARN  no build target for: C:\Users\hp\Documents\UOC\2nd Year- 1st Semester\SCS-2204_Functional Programming\Tutorial_3\Q2.scala
2023.06.26 03:15:32 WARN  no build target for: C:\Users\hp\Documents\UOC\2nd Year- 1st Semester\SCS-2204_Functional Programming\Tutorial_3\Q2.scala
2023.06.26 03:15:35 WARN  no build target for: C:\Users\hp\Documents\UOC\2nd Year- 1st Semester\SCS-2204_Functional Programming\Tutorial_3\Q2.scala
2023.06.26 03:15:40 WARN  no build target for: C:\Users\hp\Documents\UOC\2nd Year- 1st Semester\SCS-2204_Functional Programming\Tutorial_3\Q2.scala
2023.06.26 03:15:46 WARN  no build target for: C:\Users\hp\Documents\UOC\2nd Year- 1st Semester\SCS-2204_Functional Programming\Tutorial_3\Q2.scala
2023.06.26 03:15:49 WARN  no build target for: C:\Users\hp\Documents\UOC\2nd Year- 1st Semester\SCS-2204_Functional Programming\Tutorial_3\Q2.scala
2023.06.26 03:16:12 WARN  no build target for: C:\Users\hp\Documents\UOC\2nd Year- 1st Semester\SCS-2204_Functional Programming\Tutorial_3\Q2.scala
2023.06.26 03:16:14 WARN  no build target for: C:\Users\hp\Documents\UOC\2nd Year- 1st Semester\SCS-2204_Functional Programming\Tutorial_3\Q2.scala
2023.06.26 03:16:24 WARN  no build target for: C:\Users\hp\Documents\UOC\2nd Year- 1st Semester\SCS-2204_Functional Programming\Tutorial_3\Q2.scala
2023.06.26 03:16:26 WARN  no build target for: C:\Users\hp\Documents\UOC\2nd Year- 1st Semester\SCS-2204_Functional Programming\Tutorial_3\Q2.scala
2023.06.26 03:16:28 WARN  no build target for: C:\Users\hp\Documents\UOC\2nd Year- 1st Semester\SCS-2204_Functional Programming\Tutorial_3\Q2.scala
2023.06.26 03:16:34 WARN  no build target for: C:\Users\hp\Documents\UOC\2nd Year- 1st Semester\SCS-2204_Functional Programming\Tutorial_3\Q2.scala
2023.06.26 03:16:56 WARN  no build target for: C:\Users\hp\Documents\UOC\2nd Year- 1st Semester\SCS-2204_Functional Programming\Tutorial_3\Q2.scala
2023.06.26 03:22:03 WARN  no build target for: C:\Users\hp\Documents\UOC\2nd Year- 1st Semester\SCS-2204_Functional Programming\Tutorial_3\Q2.scala
2023.06.26 03:22:09 WARN  no build target for: C:\Users\hp\Documents\UOC\2nd Year- 1st Semester\SCS-2204_Functional Programming\Tutorial_3\Q2.scala
2023.06.26 03:22:11 WARN  no build target for: C:\Users\hp\Documents\UOC\2nd Year- 1st Semester\SCS-2204_Functional Programming\Tutorial_3\Q2.scala
2023.06.26 03:22:14 WARN  no build target for: C:\Users\hp\Documents\UOC\2nd Year- 1st Semester\SCS-2204_Functional Programming\Tutorial_3\Q2.scala
2023.06.26 03:22:16 WARN  no build target for: C:\Users\hp\Documents\UOC\2nd Year- 1st Semester\SCS-2204_Functional Programming\Tutorial_3\Q2.scala
2023.06.26 03:22:22 WARN  no build target for: C:\Users\hp\Documents\UOC\2nd Year- 1st Semester\SCS-2204_Functional Programming\Tutorial_3\Q2.scala
2023.06.26 03:22:24 WARN  no build target for: C:\Users\hp\Documents\UOC\2nd Year- 1st Semester\SCS-2204_Functional Programming\Tutorial_3\Q2.scala
2023.06.26 03:22:26 WARN  no build target for: C:\Users\hp\Documents\UOC\2nd Year- 1st Semester\SCS-2204_Functional Programming\Tutorial_3\Q2.scala
2023.06.26 03:22:31 WARN  no build target for: C:\Users\hp\Documents\UOC\2nd Year- 1st Semester\SCS-2204_Functional Programming\Tutorial_3\Q2.scala
2023.06.26 03:22:32 WARN  no build target for: C:\Users\hp\Documents\UOC\2nd Year- 1st Semester\SCS-2204_Functional Programming\Tutorial_3\Q2.scala
2023.06.26 03:22:37 WARN  no build target for: C:\Users\hp\Documents\UOC\2nd Year- 1st Semester\SCS-2204_Functional Programming\Tutorial_3\Q2.scala
2023.06.26 03:22:41 WARN  no build target for: C:\Users\hp\Documents\UOC\2nd Year- 1st Semester\SCS-2204_Functional Programming\Tutorial_3\Q2.scala
2023.06.26 03:22:45 WARN  no build target for: C:\Users\hp\Documents\UOC\2nd Year- 1st Semester\SCS-2204_Functional Programming\Tutorial_3\Q2.scala
2023.06.26 03:24:00 WARN  no build target for: C:\Users\hp\Documents\UOC\2nd Year- 1st Semester\SCS-2204_Functional Programming\Tutorial_3\Q2.scala
2023.06.26 05:03:41 INFO  Started: Metals version 0.11.12 in workspace 'C:\Users\hp\Documents\UOC\2nd Year- 1st Semester\SCS-2204_Functional Programming\Tutorial_3' for client Visual Studio Code 1.79.2.
Jun 26, 2023 5:03:41 AM org.flywaydb.core.internal.license.VersionPrinter printVersionOnly
INFO: Flyway Community Edition 9.16.3 by Redgate
Jun 26, 2023 5:03:41 AM org.flywaydb.core.internal.license.VersionPrinter printVersion
INFO: See release notes here: https://rd.gt/416ObMi
Jun 26, 2023 5:03:41 AM org.flywaydb.core.internal.license.VersionPrinter printVersion
INFO: 
Jun 26, 2023 5:03:46 AM org.flywaydb.core.internal.database.base.BaseDatabaseType createDatabase
INFO: Database: jdbc:h2:file:C:\Users\hp\Documents\UOC\2nd Year- 1st Semester\SCS-2204_Functional Programming\Tutorial_3\.metals\metals (H2 2.1)
Jun 26, 2023 5:03:46 AM org.flywaydb.core.internal.command.DbValidate validate
INFO: Successfully validated 4 migrations (execution time 00:00.069s)
Jun 26, 2023 5:03:46 AM org.flywaydb.core.internal.command.DbMigrate migrateGroup
INFO: Current version of schema "PUBLIC": 4
Jun 26, 2023 5:03:46 AM org.flywaydb.core.internal.command.DbMigrate logSummary
INFO: Schema "PUBLIC" is up to date. No migration necessary.
2023.06.26 05:03:46 INFO  time: initialize in 5.12s
2023.06.26 05:03:49 WARN  Build server is not auto-connectable.
2023.06.26 05:03:49 WARN  no build tool detected in workspace 'C:\Users\hp\Documents\UOC\2nd Year- 1st Semester\SCS-2204_Functional Programming\Tutorial_3'. The most common cause for this problem is that the editor was opened in the wrong working directory, for example if you use sbt then the workspace directory should contain build.sbt. 
2023.06.26 05:03:49 WARN  no build target for: C:\Users\hp\Documents\UOC\2nd Year- 1st Semester\SCS-2204_Functional Programming\Tutorial_3\Q2.scala
Jun 26, 2023 5:03:49 AM org.eclipse.lsp4j.jsonrpc.RemoteEndpoint handleCancellation
WARNING: Unmatched cancel notification for request id 1
2023.06.26 05:03:49 WARN  no build target for: C:\Users\hp\Documents\UOC\2nd Year- 1st Semester\SCS-2204_Functional Programming\Tutorial_3\Q2.scala
2023.06.26 05:03:55 INFO  no build target found for C:\Users\hp\Documents\UOC\2nd Year- 1st Semester\SCS-2204_Functional Programming\Tutorial_3\Q2.scala. Using presentation compiler with project's scala-library version: 3.2.2
Jun 26, 2023 5:03:56 AM org.eclipse.lsp4j.jsonrpc.RemoteEndpoint handleCancellation
WARNING: Unmatched cancel notification for request id 5
2023.06.26 05:03:56 WARN  no build target for: C:\Users\hp\Documents\UOC\2nd Year- 1st Semester\SCS-2204_Functional Programming\Tutorial_3\Q2.scala
2023.06.26 05:03:59 WARN  no build target for: C:\Users\hp\Documents\UOC\2nd Year- 1st Semester\SCS-2204_Functional Programming\Tutorial_3\Q2.scala
2023.06.26 05:04:00 INFO  time: code lens generation in 10s
2023.06.26 05:04:00 INFO  time: code lens generation in 3.29s
2023.06.26 05:04:00 INFO  time: code lens generation in 1.84s
2023.06.26 05:04:00 INFO  time: code lens generation in 2.73s
2023.06.26 05:04:00 INFO  time: code lens generation in 1.45s
2023.06.26 05:04:00 INFO  time: code lens generation in 3.48s
2023.06.26 05:04:00 INFO  time: code lens generation in 3.56s
2023.06.26 05:04:04 WARN  no build target for: C:\Users\hp\Documents\UOC\2nd Year- 1st Semester\SCS-2204_Functional Programming\Tutorial_3\Q2.scala
2023.06.26 10:39:48 WARN  no build target for: C:\Users\hp\Documents\UOC\2nd Year- 1st Semester\SCS-2204_Functional Programming\Tutorial_3\Q2.scala
2023.06.26 10:40:05 WARN  no build target for: C:\Users\hp\Documents\UOC\2nd Year- 1st Semester\SCS-2204_Functional Programming\Tutorial_3\Q2.scala
2023.06.26 10:40:10 WARN  no build target for: C:\Users\hp\Documents\UOC\2nd Year- 1st Semester\SCS-2204_Functional Programming\Tutorial_3\Q2.scala
2023.06.26 10:40:14 WARN  no build target for: C:\Users\hp\Documents\UOC\2nd Year- 1st Semester\SCS-2204_Functional Programming\Tutorial_3\Q2.scala
2023.06.26 10:40:19 WARN  no build target for: C:\Users\hp\Documents\UOC\2nd Year- 1st Semester\SCS-2204_Functional Programming\Tutorial_3\Q2.scala
2023.06.26 10:40:23 WARN  no build target for: C:\Users\hp\Documents\UOC\2nd Year- 1st Semester\SCS-2204_Functional Programming\Tutorial_3\Q2.scala
2023.06.26 10:40:25 WARN  no build target for: C:\Users\hp\Documents\UOC\2nd Year- 1st Semester\SCS-2204_Functional Programming\Tutorial_3\Q2.scala
2023.06.26 10:40:33 WARN  no build target for: C:\Users\hp\Documents\UOC\2nd Year- 1st Semester\SCS-2204_Functional Programming\Tutorial_3\Q2.scala
2023.06.26 10:40:38 WARN  no build target for: C:\Users\hp\Documents\UOC\2nd Year- 1st Semester\SCS-2204_Functional Programming\Tutorial_3\Q2.scala
2023.06.26 10:42:08 WARN  no build target for: C:\Users\hp\Documents\UOC\2nd Year- 1st Semester\SCS-2204_Functional Programming\Tutorial_3\Q2.scala
2023.06.26 10:42:15 WARN  no build target for: C:\Users\hp\Documents\UOC\2nd Year- 1st Semester\SCS-2204_Functional Programming\Tutorial_3\Q2.scala
2023.06.26 10:43:44 WARN  no build target for: C:\Users\hp\Documents\UOC\2nd Year- 1st Semester\SCS-2204_Functional Programming\Tutorial_3\Q2.scala
2023.06.26 10:43:48 WARN  no build target for: C:\Users\hp\Documents\UOC\2nd Year- 1st Semester\SCS-2204_Functional Programming\Tutorial_3\Q2.scala
2023.06.26 10:43:52 WARN  no build target for: C:\Users\hp\Documents\UOC\2nd Year- 1st Semester\SCS-2204_Functional Programming\Tutorial_3\Q2.scala
2023.06.26 10:43:54 WARN  no build target for: C:\Users\hp\Documents\UOC\2nd Year- 1st Semester\SCS-2204_Functional Programming\Tutorial_3\Q2.scala
2023.06.26 10:43:59 WARN  no build target for: C:\Users\hp\Documents\UOC\2nd Year- 1st Semester\SCS-2204_Functional Programming\Tutorial_3\Q2.scala
2023.06.26 10:44:01 WARN  no build target for: C:\Users\hp\Documents\UOC\2nd Year- 1st Semester\SCS-2204_Functional Programming\Tutorial_3\Q2.scala
2023.06.26 10:44:03 WARN  no build target for: C:\Users\hp\Documents\UOC\2nd Year- 1st Semester\SCS-2204_Functional Programming\Tutorial_3\Q2.scala
2023.06.26 10:44:29 WARN  no build target for: C:\Users\hp\Documents\UOC\2nd Year- 1st Semester\SCS-2204_Functional Programming\Tutorial_3\Q2.scala
2023.06.26 10:44:47 WARN  no build target for: C:\Users\hp\Documents\UOC\2nd Year- 1st Semester\SCS-2204_Functional Programming\Tutorial_3\Q2.scala
2023.06.26 10:44:53 WARN  no build target for: C:\Users\hp\Documents\UOC\2nd Year- 1st Semester\SCS-2204_Functional Programming\Tutorial_3\Q2.scala
2023.06.26 10:44:54 WARN  no build target for: C:\Users\hp\Documents\UOC\2nd Year- 1st Semester\SCS-2204_Functional Programming\Tutorial_3\Q2.scala
2023.06.26 10:45:06 WARN  no build target for: C:\Users\hp\Documents\UOC\2nd Year- 1st Semester\SCS-2204_Functional Programming\Tutorial_3\Q2.scala
2023.06.26 10:45:07 WARN  no build target for: C:\Users\hp\Documents\UOC\2nd Year- 1st Semester\SCS-2204_Functional Programming\Tutorial_3\Q2.scala
2023.06.26 10:45:12 WARN  no build target for: C:\Users\hp\Documents\UOC\2nd Year- 1st Semester\SCS-2204_Functional Programming\Tutorial_3\Q2.scala
2023.06.26 10:45:18 WARN  no build target for: C:\Users\hp\Documents\UOC\2nd Year- 1st Semester\SCS-2204_Functional Programming\Tutorial_3\Q2.scala
2023.06.26 10:45:20 WARN  no build target for: C:\Users\hp\Documents\UOC\2nd Year- 1st Semester\SCS-2204_Functional Programming\Tutorial_3\Q2.scala
2023.06.26 10:46:06 WARN  no build target for: C:\Users\hp\Documents\UOC\2nd Year- 1st Semester\SCS-2204_Functional Programming\Tutorial_3\Q2.scala
2023.06.26 10:46:10 WARN  no build target for: C:\Users\hp\Documents\UOC\2nd Year- 1st Semester\SCS-2204_Functional Programming\Tutorial_3\Q2.scala
2023.06.26 10:46:11 WARN  no build target for: C:\Users\hp\Documents\UOC\2nd Year- 1st Semester\SCS-2204_Functional Programming\Tutorial_3\Q2.scala
2023.06.26 10:46:18 WARN  no build target for: C:\Users\hp\Documents\UOC\2nd Year- 1st Semester\SCS-2204_Functional Programming\Tutorial_3\Q2.scala
2023.06.26 10:46:32 WARN  no build target for: C:\Users\hp\Documents\UOC\2nd Year- 1st Semester\SCS-2204_Functional Programming\Tutorial_3\Q2.scala
2023.06.26 10:46:58 WARN  no build target for: C:\Users\hp\Documents\UOC\2nd Year- 1st Semester\SCS-2204_Functional Programming\Tutorial_3\Q2.scala
2023.06.26 10:47:01 WARN  no build target for: C:\Users\hp\Documents\UOC\2nd Year- 1st Semester\SCS-2204_Functional Programming\Tutorial_3\Q2.scala
2023.06.26 10:47:03 WARN  no build target for: C:\Users\hp\Documents\UOC\2nd Year- 1st Semester\SCS-2204_Functional Programming\Tutorial_3\Q2.scala
2023.06.26 10:47:13 WARN  no build target for: C:\Users\hp\Documents\UOC\2nd Year- 1st Semester\SCS-2204_Functional Programming\Tutorial_3\Q2.scala
2023.06.26 10:47:15 WARN  no build target for: C:\Users\hp\Documents\UOC\2nd Year- 1st Semester\SCS-2204_Functional Programming\Tutorial_3\Q2.scala
2023.06.26 10:48:40 WARN  no build target for: C:\Users\hp\Documents\UOC\2nd Year- 1st Semester\SCS-2204_Functional Programming\Tutorial_3\Q2.scala
2023.06.26 10:48:42 WARN  no build target for: C:\Users\hp\Documents\UOC\2nd Year- 1st Semester\SCS-2204_Functional Programming\Tutorial_3\Q2.scala
2023.06.26 10:48:45 WARN  no build target for: C:\Users\hp\Documents\UOC\2nd Year- 1st Semester\SCS-2204_Functional Programming\Tutorial_3\Q2.scala
2023.06.26 10:49:42 WARN  no build target for: C:\Users\hp\Documents\UOC\2nd Year- 1st Semester\SCS-2204_Functional Programming\Tutorial_3\Q2.scala
Jun 26, 2023 10:49:47 AM org.eclipse.lsp4j.jsonrpc.RemoteEndpoint handleCancellation
WARNING: Unmatched cancel notification for request id 684
2023.06.26 10:49:48 WARN  no build target for: C:\Users\hp\Documents\UOC\2nd Year- 1st Semester\SCS-2204_Functional Programming\Tutorial_3\Q2.scala
2023.06.26 10:49:58 WARN  no build target for: C:\Users\hp\Documents\UOC\2nd Year- 1st Semester\SCS-2204_Functional Programming\Tutorial_3\Q2.scala
2023.06.26 10:50:00 WARN  no build target for: C:\Users\hp\Documents\UOC\2nd Year- 1st Semester\SCS-2204_Functional Programming\Tutorial_3\Q2.scala
Jun 26, 2023 10:50:03 AM org.eclipse.lsp4j.jsonrpc.RemoteEndpoint handleCancellation
WARNING: Unmatched cancel notification for request id 718
2023.06.26 10:50:06 WARN  no build target for: C:\Users\hp\Documents\UOC\2nd Year- 1st Semester\SCS-2204_Functional Programming\Tutorial_3\Q2.scala
2023.06.26 10:50:16 WARN  no build target for: C:\Users\hp\Documents\UOC\2nd Year- 1st Semester\SCS-2204_Functional Programming\Tutorial_3\Q2.scala
2023.06.26 10:50:17 WARN  no build target for: C:\Users\hp\Documents\UOC\2nd Year- 1st Semester\SCS-2204_Functional Programming\Tutorial_3\Q2.scala
2023.06.26 10:50:29 WARN  no build target for: C:\Users\hp\Documents\UOC\2nd Year- 1st Semester\SCS-2204_Functional Programming\Tutorial_3\Q3.scala
2023.06.26 10:50:41 WARN  no build target for: C:\Users\hp\Documents\UOC\2nd Year- 1st Semester\SCS-2204_Functional Programming\Tutorial_3\Q3.scala
2023.06.26 10:50:42 WARN  no build target for: C:\Users\hp\Documents\UOC\2nd Year- 1st Semester\SCS-2204_Functional Programming\Tutorial_3\Q3.scala
2023.06.26 10:50:46 WARN  no build target for: C:\Users\hp\Documents\UOC\2nd Year- 1st Semester\SCS-2204_Functional Programming\Tutorial_3\Q3.scala
2023.06.26 10:50:48 WARN  no build target for: C:\Users\hp\Documents\UOC\2nd Year- 1st Semester\SCS-2204_Functional Programming\Tutorial_3\Q3.scala
Jun 26, 2023 10:50:49 AM org.eclipse.lsp4j.jsonrpc.RemoteEndpoint handleCancellation
WARNING: Unmatched cancel notification for request id 833
2023.06.26 10:50:50 WARN  no build target for: C:\Users\hp\Documents\UOC\2nd Year- 1st Semester\SCS-2204_Functional Programming\Tutorial_3\Q3.scala
2023.06.26 10:50:59 WARN  no build target for: C:\Users\hp\Documents\UOC\2nd Year- 1st Semester\SCS-2204_Functional Programming\Tutorial_3\Q3.scala
2023.06.26 10:51:01 WARN  no build target for: C:\Users\hp\Documents\UOC\2nd Year- 1st Semester\SCS-2204_Functional Programming\Tutorial_3\Q3.scala
2023.06.26 10:51:04 WARN  no build target for: C:\Users\hp\Documents\UOC\2nd Year- 1st Semester\SCS-2204_Functional Programming\Tutorial_3\Q3.scala
2023.06.26 10:51:06 WARN  no build target for: C:\Users\hp\Documents\UOC\2nd Year- 1st Semester\SCS-2204_Functional Programming\Tutorial_3\Q3.scala
2023.06.26 10:51:17 WARN  no build target for: C:\Users\hp\Documents\UOC\2nd Year- 1st Semester\SCS-2204_Functional Programming\Tutorial_3\Q3.scala
2023.06.26 10:51:18 WARN  no build target for: C:\Users\hp\Documents\UOC\2nd Year- 1st Semester\SCS-2204_Functional Programming\Tutorial_3\Q3.scala
2023.06.26 10:51:22 WARN  no build target for: C:\Users\hp\Documents\UOC\2nd Year- 1st Semester\SCS-2204_Functional Programming\Tutorial_3\Q3.scala
2023.06.26 10:51:28 WARN  no build target for: C:\Users\hp\Documents\UOC\2nd Year- 1st Semester\SCS-2204_Functional Programming\Tutorial_3\Q3.scala
2023.06.26 10:51:29 WARN  no build target for: C:\Users\hp\Documents\UOC\2nd Year- 1st Semester\SCS-2204_Functional Programming\Tutorial_3\Q3.scala
2023.06.26 10:51:32 WARN  no build target for: C:\Users\hp\Documents\UOC\2nd Year- 1st Semester\SCS-2204_Functional Programming\Tutorial_3\Q3.scala
2023.06.26 10:53:47 WARN  no build target for: C:\Users\hp\Documents\UOC\2nd Year- 1st Semester\SCS-2204_Functional Programming\Tutorial_3\Q3.scala
2023.06.26 10:53:50 WARN  no build target for: C:\Users\hp\Documents\UOC\2nd Year- 1st Semester\SCS-2204_Functional Programming\Tutorial_3\Q3.scala
2023.06.26 10:53:52 WARN  no build target for: C:\Users\hp\Documents\UOC\2nd Year- 1st Semester\SCS-2204_Functional Programming\Tutorial_3\Q3.scala
2023.06.26 10:53:55 WARN  no build target for: C:\Users\hp\Documents\UOC\2nd Year- 1st Semester\SCS-2204_Functional Programming\Tutorial_3\Q3.scala
2023.06.26 10:54:01 WARN  no build target for: C:\Users\hp\Documents\UOC\2nd Year- 1st Semester\SCS-2204_Functional Programming\Tutorial_3\Q3.scala
2023.06.26 10:54:05 WARN  no build target for: C:\Users\hp\Documents\UOC\2nd Year- 1st Semester\SCS-2204_Functional Programming\Tutorial_3\Q3.scala
2023.06.26 10:54:07 WARN  no build target for: C:\Users\hp\Documents\UOC\2nd Year- 1st Semester\SCS-2204_Functional Programming\Tutorial_3\Q3.scala
2023.06.26 10:54:15 WARN  no build target for: C:\Users\hp\Documents\UOC\2nd Year- 1st Semester\SCS-2204_Functional Programming\Tutorial_3\Q3.scala
2023.06.26 10:54:17 WARN  no build target for: C:\Users\hp\Documents\UOC\2nd Year- 1st Semester\SCS-2204_Functional Programming\Tutorial_3\Q3.scala
2023.06.26 10:54:19 WARN  no build target for: C:\Users\hp\Documents\UOC\2nd Year- 1st Semester\SCS-2204_Functional Programming\Tutorial_3\Q3.scala
2023.06.26 10:54:22 WARN  no build target for: C:\Users\hp\Documents\UOC\2nd Year- 1st Semester\SCS-2204_Functional Programming\Tutorial_3\Q3.scala
2023.06.26 10:54:24 WARN  no build target for: C:\Users\hp\Documents\UOC\2nd Year- 1st Semester\SCS-2204_Functional Programming\Tutorial_3\Q3.scala
2023.06.26 10:54:38 WARN  no build target for: C:\Users\hp\Documents\UOC\2nd Year- 1st Semester\SCS-2204_Functional Programming\Tutorial_3\Q3.scala
2023.06.26 10:54:41 WARN  no build target for: C:\Users\hp\Documents\UOC\2nd Year- 1st Semester\SCS-2204_Functional Programming\Tutorial_3\Q3.scala
2023.06.26 10:54:43 WARN  no build target for: C:\Users\hp\Documents\UOC\2nd Year- 1st Semester\SCS-2204_Functional Programming\Tutorial_3\Q3.scala
2023.06.26 10:54:49 WARN  no build target for: C:\Users\hp\Documents\UOC\2nd Year- 1st Semester\SCS-2204_Functional Programming\Tutorial_3\Q3.scala
2023.06.26 10:54:54 WARN  no build target for: C:\Users\hp\Documents\UOC\2nd Year- 1st Semester\SCS-2204_Functional Programming\Tutorial_3\Q3.scala
2023.06.26 10:54:56 WARN  no build target for: C:\Users\hp\Documents\UOC\2nd Year- 1st Semester\SCS-2204_Functional Programming\Tutorial_3\Q3.scala
2023.06.26 10:54:58 WARN  no build target for: C:\Users\hp\Documents\UOC\2nd Year- 1st Semester\SCS-2204_Functional Programming\Tutorial_3\Q3.scala
2023.06.26 10:55:03 WARN  no build target for: C:\Users\hp\Documents\UOC\2nd Year- 1st Semester\SCS-2204_Functional Programming\Tutorial_3\Q3.scala
2023.06.26 10:55:10 WARN  no build target for: C:\Users\hp\Documents\UOC\2nd Year- 1st Semester\SCS-2204_Functional Programming\Tutorial_3\Q3.scala
2023.06.26 10:55:15 WARN  no build target for: C:\Users\hp\Documents\UOC\2nd Year- 1st Semester\SCS-2204_Functional Programming\Tutorial_3\Q3.scala
2023.06.26 10:55:17 WARN  no build target for: C:\Users\hp\Documents\UOC\2nd Year- 1st Semester\SCS-2204_Functional Programming\Tutorial_3\Q3.scala
2023.06.26 10:55:18 WARN  no build target for: C:\Users\hp\Documents\UOC\2nd Year- 1st Semester\SCS-2204_Functional Programming\Tutorial_3\Q3.scala
2023.06.26 10:55:20 WARN  no build target for: C:\Users\hp\Documents\UOC\2nd Year- 1st Semester\SCS-2204_Functional Programming\Tutorial_3\Q3.scala
2023.06.26 10:55:22 WARN  no build target for: C:\Users\hp\Documents\UOC\2nd Year- 1st Semester\SCS-2204_Functional Programming\Tutorial_3\Q3.scala
2023.06.26 10:55:24 WARN  no build target for: C:\Users\hp\Documents\UOC\2nd Year- 1st Semester\SCS-2204_Functional Programming\Tutorial_3\Q3.scala
2023.06.26 10:55:26 WARN  no build target for: C:\Users\hp\Documents\UOC\2nd Year- 1st Semester\SCS-2204_Functional Programming\Tutorial_3\Q3.scala
2023.06.26 10:55:30 WARN  no build target for: C:\Users\hp\Documents\UOC\2nd Year- 1st Semester\SCS-2204_Functional Programming\Tutorial_3\Q3.scala
2023.06.26 10:56:07 WARN  no build target for: C:\Users\hp\Documents\UOC\2nd Year- 1st Semester\SCS-2204_Functional Programming\Tutorial_3\Q3.scala
2023.06.26 10:56:15 WARN  no build target for: C:\Users\hp\Documents\UOC\2nd Year- 1st Semester\SCS-2204_Functional Programming\Tutorial_3\Q3.scala
2023.06.26 10:56:16 WARN  no build target for: C:\Users\hp\Documents\UOC\2nd Year- 1st Semester\SCS-2204_Functional Programming\Tutorial_3\Q3.scala
2023.06.26 10:56:19 WARN  no build target for: C:\Users\hp\Documents\UOC\2nd Year- 1st Semester\SCS-2204_Functional Programming\Tutorial_3\Q3.scala
2023.06.26 10:56:23 WARN  no build target for: C:\Users\hp\Documents\UOC\2nd Year- 1st Semester\SCS-2204_Functional Programming\Tutorial_3\Q3.scala
2023.06.26 10:56:25 WARN  no build target for: C:\Users\hp\Documents\UOC\2nd Year- 1st Semester\SCS-2204_Functional Programming\Tutorial_3\Q3.scala
2023.06.26 10:56:30 WARN  no build target for: C:\Users\hp\Documents\UOC\2nd Year- 1st Semester\SCS-2204_Functional Programming\Tutorial_3\Q3.scala
2023.06.26 10:56:33 WARN  no build target for: C:\Users\hp\Documents\UOC\2nd Year- 1st Semester\SCS-2204_Functional Programming\Tutorial_3\Q3.scala
2023.06.26 10:56:34 WARN  no build target for: C:\Users\hp\Documents\UOC\2nd Year- 1st Semester\SCS-2204_Functional Programming\Tutorial_3\Q3.scala
2023.06.26 10:56:35 WARN  no build target for: C:\Users\hp\Documents\UOC\2nd Year- 1st Semester\SCS-2204_Functional Programming\Tutorial_3\Q3.scala
2023.06.26 10:56:41 WARN  no build target for: C:\Users\hp\Documents\UOC\2nd Year- 1st Semester\SCS-2204_Functional Programming\Tutorial_3\Q3.scala
Jun 26, 2023 10:56:42 AM org.eclipse.lsp4j.jsonrpc.RemoteEndpoint handleCancellation
WARNING: Unmatched cancel notification for request id 1564
2023.06.26 10:56:43 WARN  no build target for: C:\Users\hp\Documents\UOC\2nd Year- 1st Semester\SCS-2204_Functional Programming\Tutorial_3\Q3.scala
2023.06.26 10:56:50 WARN  no build target for: C:\Users\hp\Documents\UOC\2nd Year- 1st Semester\SCS-2204_Functional Programming\Tutorial_3\Q3.scala
2023.06.26 10:56:51 WARN  no build target for: C:\Users\hp\Documents\UOC\2nd Year- 1st Semester\SCS-2204_Functional Programming\Tutorial_3\Q3.scala
2023.06.26 10:56:53 WARN  no build target for: C:\Users\hp\Documents\UOC\2nd Year- 1st Semester\SCS-2204_Functional Programming\Tutorial_3\Q3.scala
2023.06.26 10:56:56 WARN  no build target for: C:\Users\hp\Documents\UOC\2nd Year- 1st Semester\SCS-2204_Functional Programming\Tutorial_3\Q3.scala
2023.06.26 10:56:59 WARN  no build target for: C:\Users\hp\Documents\UOC\2nd Year- 1st Semester\SCS-2204_Functional Programming\Tutorial_3\Q3.scala
2023.06.26 10:57:02 WARN  no build target for: C:\Users\hp\Documents\UOC\2nd Year- 1st Semester\SCS-2204_Functional Programming\Tutorial_3\Q3.scala
2023.06.26 10:57:04 WARN  no build target for: C:\Users\hp\Documents\UOC\2nd Year- 1st Semester\SCS-2204_Functional Programming\Tutorial_3\Q3.scala
2023.06.26 10:57:09 WARN  no build target for: C:\Users\hp\Documents\UOC\2nd Year- 1st Semester\SCS-2204_Functional Programming\Tutorial_3\Q3.scala
2023.06.26 10:57:12 WARN  no build target for: C:\Users\hp\Documents\UOC\2nd Year- 1st Semester\SCS-2204_Functional Programming\Tutorial_3\Q3.scala
2023.06.26 10:57:49 WARN  no build target for: C:\Users\hp\Documents\UOC\2nd Year- 1st Semester\SCS-2204_Functional Programming\Tutorial_3\Q3.scala
2023.06.26 10:57:53 WARN  no build target for: C:\Users\hp\Documents\UOC\2nd Year- 1st Semester\SCS-2204_Functional Programming\Tutorial_3\Q3.scala
2023.06.26 10:57:55 WARN  no build target for: C:\Users\hp\Documents\UOC\2nd Year- 1st Semester\SCS-2204_Functional Programming\Tutorial_3\Q3.scala
2023.06.26 10:57:59 WARN  no build target for: C:\Users\hp\Documents\UOC\2nd Year- 1st Semester\SCS-2204_Functional Programming\Tutorial_3\Q3.scala
2023.06.26 10:58:01 WARN  no build target for: C:\Users\hp\Documents\UOC\2nd Year- 1st Semester\SCS-2204_Functional Programming\Tutorial_3\Q3.scala
2023.06.26 10:58:25 WARN  no build target for: C:\Users\hp\Documents\UOC\2nd Year- 1st Semester\SCS-2204_Functional Programming\Tutorial_3\Q3.scala
2023.06.26 10:58:35 WARN  no build target for: C:\Users\hp\Documents\UOC\2nd Year- 1st Semester\SCS-2204_Functional Programming\Tutorial_3\Q3.scala
2023.06.26 10:59:07 WARN  no build target for: C:\Users\hp\Documents\UOC\2nd Year- 1st Semester\SCS-2204_Functional Programming\Tutorial_3\Q3.scala
2023.06.26 10:59:09 WARN  no build target for: C:\Users\hp\Documents\UOC\2nd Year- 1st Semester\SCS-2204_Functional Programming\Tutorial_3\Q3.scala
2023.06.26 10:59:13 WARN  no build target for: C:\Users\hp\Documents\UOC\2nd Year- 1st Semester\SCS-2204_Functional Programming\Tutorial_3\Q3.scala
2023.06.26 11:01:24 WARN  no build target for: C:\Users\hp\Documents\UOC\2nd Year- 1st Semester\SCS-2204_Functional Programming\Tutorial_3\Q3.scala
2023.06.26 11:01:44 WARN  no build target for: C:\Users\hp\Documents\UOC\2nd Year- 1st Semester\SCS-2204_Functional Programming\Tutorial_3\Q1.scala
2023.06.26 11:01:54 WARN  no build target for: C:\Users\hp\Documents\UOC\2nd Year- 1st Semester\SCS-2204_Functional Programming\Tutorial_3\Q3.scala
2023.06.26 11:01:57 WARN  no build target for: C:\Users\hp\Documents\UOC\2nd Year- 1st Semester\SCS-2204_Functional Programming\Tutorial_3\Q3.scala
2023.06.26 11:02:00 WARN  no build target for: C:\Users\hp\Documents\UOC\2nd Year- 1st Semester\SCS-2204_Functional Programming\Tutorial_3\Q3.scala
2023.06.26 11:02:02 WARN  no build target for: C:\Users\hp\Documents\UOC\2nd Year- 1st Semester\SCS-2204_Functional Programming\Tutorial_3\Q3.scala
2023.06.26 11:02:09 WARN  no build target for: C:\Users\hp\Documents\UOC\2nd Year- 1st Semester\SCS-2204_Functional Programming\Tutorial_3\Q3.scala
2023.06.26 11:02:10 WARN  no build target for: C:\Users\hp\Documents\UOC\2nd Year- 1st Semester\SCS-2204_Functional Programming\Tutorial_3\Q3.scala
2023.06.26 11:02:12 WARN  no build target for: C:\Users\hp\Documents\UOC\2nd Year- 1st Semester\SCS-2204_Functional Programming\Tutorial_3\Q3.scala
2023.06.26 11:02:17 WARN  no build target for: C:\Users\hp\Documents\UOC\2nd Year- 1st Semester\SCS-2204_Functional Programming\Tutorial_3\Q3.scala
2023.06.26 11:03:14 WARN  no build target for: C:\Users\hp\Documents\UOC\2nd Year- 1st Semester\SCS-2204_Functional Programming\Tutorial_3\Q3.scala
Jun 26, 2023 11:05:16 AM org.eclipse.lsp4j.jsonrpc.RemoteEndpoint handleCancellation
WARNING: Unmatched cancel notification for request id 2026
2023.06.26 11:05:20 WARN  no build target for: C:\Users\hp\Documents\UOC\2nd Year- 1st Semester\SCS-2204_Functional Programming\Tutorial_3\Q2.scala
2023.06.26 11:05:22 WARN  no build target for: C:\Users\hp\Documents\UOC\2nd Year- 1st Semester\SCS-2204_Functional Programming\Tutorial_3\Q2.scala
2023.06.26 11:05:23 WARN  no build target for: C:\Users\hp\Documents\UOC\2nd Year- 1st Semester\SCS-2204_Functional Programming\Tutorial_3\Q2.scala
2023.06.26 11:05:25 WARN  no build target for: C:\Users\hp\Documents\UOC\2nd Year- 1st Semester\SCS-2204_Functional Programming\Tutorial_3\Q2.scala
2023.06.26 11:05:26 WARN  no build target for: C:\Users\hp\Documents\UOC\2nd Year- 1st Semester\SCS-2204_Functional Programming\Tutorial_3\Q2.scala
2023.06.26 11:05:29 WARN  no build target for: C:\Users\hp\Documents\UOC\2nd Year- 1st Semester\SCS-2204_Functional Programming\Tutorial_3\Q2.scala
Jun 26, 2023 11:05:33 AM org.eclipse.lsp4j.jsonrpc.RemoteEndpoint handleCancellation
WARNING: Unmatched cancel notification for request id 2115
2023.06.26 11:05:34 WARN  no build target for: C:\Users\hp\Documents\UOC\2nd Year- 1st Semester\SCS-2204_Functional Programming\Tutorial_3\Q2.scala
2023.06.26 11:05:35 WARN  no build target for: C:\Users\hp\Documents\UOC\2nd Year- 1st Semester\SCS-2204_Functional Programming\Tutorial_3\Q2.scala
2023.06.26 11:05:37 WARN  no build target for: C:\Users\hp\Documents\UOC\2nd Year- 1st Semester\SCS-2204_Functional Programming\Tutorial_3\Q2.scala
2023.06.26 11:05:39 WARN  no build target for: C:\Users\hp\Documents\UOC\2nd Year- 1st Semester\SCS-2204_Functional Programming\Tutorial_3\Q2.scala
